{"/Users/zhouli/mygithub/node-blog/src/service/index.js":{"path":"/Users/zhouli/mygithub/node-blog/src/service/index.js","statementMap":{"0":{"start":{"line":3,"column":0},"end":{"line":5,"column":3}},"1":{"start":{"line":7,"column":19},"end":{"line":7,"column":43}},"2":{"start":{"line":9,"column":20},"end":{"line":9,"column":56}},"3":{"start":{"line":11,"column":15},"end":{"line":11,"column":35}},"4":{"start":{"line":13,"column":16},"end":{"line":13,"column":48}},"5":{"start":{"line":15,"column":13},"end":{"line":15,"column":31}},"6":{"start":{"line":17,"column":14},"end":{"line":17,"column":44}},"7":{"start":{"line":19,"column":18},"end":{"line":19,"column":41}},"8":{"start":{"line":21,"column":19},"end":{"line":21,"column":54}},"9":{"start":{"line":23,"column":12},"end":{"line":23,"column":29}},"10":{"start":{"line":25,"column":13},"end":{"line":25,"column":42}},"11":{"start":{"line":27,"column":19},"end":{"line":27,"column":43}},"12":{"start":{"line":29,"column":20},"end":{"line":29,"column":56}},"13":{"start":{"line":31,"column":16},"end":{"line":31,"column":37}},"14":{"start":{"line":33,"column":17},"end":{"line":33,"column":50}},"15":{"start":{"line":35,"column":16},"end":{"line":35,"column":37}},"16":{"start":{"line":37,"column":17},"end":{"line":37,"column":50}},"17":{"start":{"line":39,"column":15},"end":{"line":39,"column":35}},"18":{"start":{"line":41,"column":16},"end":{"line":41,"column":48}},"19":{"start":{"line":43,"column":20},"end":{"line":43,"column":45}},"20":{"start":{"line":45,"column":21},"end":{"line":45,"column":58}},"21":{"start":{"line":47,"column":12},"end":{"line":47,"column":29}},"22":{"start":{"line":49,"column":13},"end":{"line":49,"column":42}},"23":{"start":{"line":51,"column":22},"end":{"line":51,"column":49}},"24":{"start":{"line":53,"column":23},"end":{"line":53,"column":62}},"25":{"start":{"line":55,"column":11},"end":{"line":55,"column":27}},"26":{"start":{"line":57,"column":12},"end":{"line":57,"column":40}},"27":{"start":{"line":59,"column":12},"end":{"line":59,"column":29}},"28":{"start":{"line":61,"column":13},"end":{"line":61,"column":42}},"29":{"start":{"line":63,"column":16},"end":{"line":63,"column":37}},"30":{"start":{"line":65,"column":17},"end":{"line":65,"column":50}},"31":{"start":{"line":67,"column":39},"end":{"line":67,"column":93}},"32":{"start":{"line":69,"column":0},"end":{"line":85,"column":2}}},"fnMap":{"0":{"name":"_interopRequireDefault","decl":{"start":{"line":67,"column":9},"end":{"line":67,"column":31}},"loc":{"start":{"line":67,"column":37},"end":{"line":67,"column":95}},"line":67}},"branchMap":{"0":{"loc":{"start":{"line":67,"column":46},"end":{"line":67,"column":92}},"type":"cond-expr","locations":[{"start":{"line":67,"column":70},"end":{"line":67,"column":73}},{"start":{"line":67,"column":76},"end":{"line":67,"column":92}}],"line":67},"1":{"loc":{"start":{"line":67,"column":46},"end":{"line":67,"column":67}},"type":"binary-expr","locations":[{"start":{"line":67,"column":46},"end":{"line":67,"column":49}},{"start":{"line":67,"column":53},"end":{"line":67,"column":67}}],"line":67}},"s":{"0":1,"1":1,"2":1,"3":1,"4":1,"5":1,"6":1,"7":1,"8":1,"9":1,"10":1,"11":1,"12":1,"13":1,"14":1,"15":1,"16":1,"17":1,"18":1,"19":1,"20":1,"21":1,"22":1,"23":1,"24":1,"25":1,"26":1,"27":1,"28":1,"29":1,"30":1,"31":15,"32":1},"f":{"0":15},"b":{"0":[15,0],"1":[15,15]},"_coverageSchema":"43e27e138ebf9cfc5966b082cf9a028302ed4184","hash":"ee45c0c490a2774af5ab218dce35daa637a2d0c6","contentHash":"a058a50b69cee01ffe7d7ae5afd715ba"},"/Users/zhouli/mygithub/node-blog/src/service/accessToken/index.js":{"path":"/Users/zhouli/mygithub/node-blog/src/service/accessToken/index.js","statementMap":{"0":{"start":{"line":3,"column":0},"end":{"line":5,"column":3}},"1":{"start":{"line":7,"column":26},"end":{"line":7,"column":57}},"2":{"start":{"line":9,"column":27},"end":{"line":9,"column":70}},"3":{"start":{"line":11,"column":39},"end":{"line":11,"column":93}},"4":{"start":{"line":13,"column":0},"end":{"line":15,"column":2}}},"fnMap":{"0":{"name":"_interopRequireDefault","decl":{"start":{"line":11,"column":9},"end":{"line":11,"column":31}},"loc":{"start":{"line":11,"column":37},"end":{"line":11,"column":95}},"line":11}},"branchMap":{"0":{"loc":{"start":{"line":11,"column":46},"end":{"line":11,"column":92}},"type":"cond-expr","locations":[{"start":{"line":11,"column":70},"end":{"line":11,"column":73}},{"start":{"line":11,"column":76},"end":{"line":11,"column":92}}],"line":11},"1":{"loc":{"start":{"line":11,"column":46},"end":{"line":11,"column":67}},"type":"binary-expr","locations":[{"start":{"line":11,"column":46},"end":{"line":11,"column":49}},{"start":{"line":11,"column":53},"end":{"line":11,"column":67}}],"line":11}},"s":{"0":1,"1":1,"2":1,"3":1,"4":1},"f":{"0":1},"b":{"0":[1,0],"1":[1,1]},"_coverageSchema":"43e27e138ebf9cfc5966b082cf9a028302ed4184","hash":"a4094c94b0bb6355d2307c82faa01eeabbb78ff4","contentHash":"6d7754ed872c9c1de64e91769a52ad3e"},"/Users/zhouli/mygithub/node-blog/src/service/accessToken/accessTokenService.js":{"path":"/Users/zhouli/mygithub/node-blog/src/service/accessToken/accessTokenService.js","statementMap":{"0":{"start":{"line":3,"column":0},"end":{"line":5,"column":3}},"1":{"start":{"line":7,"column":19},"end":{"line":7,"column":55}},"2":{"start":{"line":9,"column":20},"end":{"line":9,"column":56}},"3":{"start":{"line":11,"column":24},"end":{"line":55,"column":3}},"4":{"start":{"line":12,"column":15},"end":{"line":50,"column":7}},"5":{"start":{"line":14,"column":8},"end":{"line":49,"column":36}},"6":{"start":{"line":15,"column":12},"end":{"line":48,"column":13}},"7":{"start":{"line":16,"column":16},"end":{"line":47,"column":17}},"8":{"start":{"line":18,"column":24},"end":{"line":22,"column":26}},"9":{"start":{"line":23,"column":24},"end":{"line":23,"column":42}},"10":{"start":{"line":24,"column":24},"end":{"line":24,"column":42}},"11":{"start":{"line":25,"column":24},"end":{"line":30,"column":27}},"12":{"start":{"line":33,"column":24},"end":{"line":33,"column":44}},"13":{"start":{"line":34,"column":24},"end":{"line":34,"column":42}},"14":{"start":{"line":35,"column":24},"end":{"line":35,"column":30}},"15":{"start":{"line":38,"column":24},"end":{"line":38,"column":42}},"16":{"start":{"line":39,"column":24},"end":{"line":39,"column":59}},"17":{"start":{"line":42,"column":24},"end":{"line":42,"column":62}},"18":{"start":{"line":46,"column":24},"end":{"line":46,"column":47}},"19":{"start":{"line":52,"column":4},"end":{"line":54,"column":6}},"20":{"start":{"line":53,"column":8},"end":{"line":53,"column":43}},"21":{"start":{"line":57,"column":24},"end":{"line":100,"column":3}},"22":{"start":{"line":58,"column":16},"end":{"line":95,"column":7}},"23":{"start":{"line":60,"column":8},"end":{"line":94,"column":37}},"24":{"start":{"line":61,"column":12},"end":{"line":93,"column":13}},"25":{"start":{"line":62,"column":16},"end":{"line":92,"column":17}},"26":{"start":{"line":64,"column":24},"end":{"line":68,"column":26}},"27":{"start":{"line":69,"column":24},"end":{"line":69,"column":43}},"28":{"start":{"line":70,"column":24},"end":{"line":70,"column":43}},"29":{"start":{"line":71,"column":24},"end":{"line":75,"column":27}},"30":{"start":{"line":78,"column":24},"end":{"line":78,"column":45}},"31":{"start":{"line":79,"column":24},"end":{"line":79,"column":43}},"32":{"start":{"line":80,"column":24},"end":{"line":80,"column":30}},"33":{"start":{"line":83,"column":24},"end":{"line":83,"column":43}},"34":{"start":{"line":84,"column":24},"end":{"line":84,"column":61}},"35":{"start":{"line":87,"column":24},"end":{"line":87,"column":63}},"36":{"start":{"line":91,"column":24},"end":{"line":91,"column":48}},"37":{"start":{"line":97,"column":4},"end":{"line":99,"column":6}},"38":{"start":{"line":98,"column":8},"end":{"line":98,"column":44}},"39":{"start":{"line":102,"column":24},"end":{"line":148,"column":3}},"40":{"start":{"line":103,"column":16},"end":{"line":143,"column":7}},"41":{"start":{"line":105,"column":8},"end":{"line":142,"column":37}},"42":{"start":{"line":106,"column":12},"end":{"line":141,"column":13}},"43":{"start":{"line":107,"column":16},"end":{"line":140,"column":17}},"44":{"start":{"line":109,"column":24},"end":{"line":113,"column":26}},"45":{"start":{"line":114,"column":24},"end":{"line":114,"column":43}},"46":{"start":{"line":115,"column":24},"end":{"line":115,"column":43}},"47":{"start":{"line":116,"column":24},"end":{"line":123,"column":27}},"48":{"start":{"line":126,"column":24},"end":{"line":126,"column":45}},"49":{"start":{"line":127,"column":24},"end":{"line":127,"column":43}},"50":{"start":{"line":128,"column":24},"end":{"line":128,"column":30}},"51":{"start":{"line":131,"column":24},"end":{"line":131,"column":43}},"52":{"start":{"line":132,"column":24},"end":{"line":132,"column":61}},"53":{"start":{"line":135,"column":24},"end":{"line":135,"column":63}},"54":{"start":{"line":139,"column":24},"end":{"line":139,"column":48}},"55":{"start":{"line":145,"column":4},"end":{"line":147,"column":6}},"56":{"start":{"line":146,"column":8},"end":{"line":146,"column":44}},"57":{"start":{"line":150,"column":21},"end":{"line":189,"column":3}},"58":{"start":{"line":151,"column":16},"end":{"line":184,"column":7}},"59":{"start":{"line":153,"column":8},"end":{"line":183,"column":37}},"60":{"start":{"line":154,"column":12},"end":{"line":182,"column":13}},"61":{"start":{"line":155,"column":16},"end":{"line":181,"column":17}},"62":{"start":{"line":157,"column":24},"end":{"line":161,"column":26}},"63":{"start":{"line":162,"column":24},"end":{"line":162,"column":43}},"64":{"start":{"line":163,"column":24},"end":{"line":163,"column":43}},"65":{"start":{"line":164,"column":24},"end":{"line":164,"column":67}},"66":{"start":{"line":167,"column":24},"end":{"line":167,"column":45}},"67":{"start":{"line":168,"column":24},"end":{"line":168,"column":43}},"68":{"start":{"line":169,"column":24},"end":{"line":169,"column":30}},"69":{"start":{"line":172,"column":24},"end":{"line":172,"column":43}},"70":{"start":{"line":173,"column":24},"end":{"line":173,"column":61}},"71":{"start":{"line":176,"column":24},"end":{"line":176,"column":63}},"72":{"start":{"line":180,"column":24},"end":{"line":180,"column":48}},"73":{"start":{"line":186,"column":4},"end":{"line":188,"column":6}},"74":{"start":{"line":187,"column":8},"end":{"line":187,"column":44}},"75":{"start":{"line":191,"column":24},"end":{"line":230,"column":3}},"76":{"start":{"line":192,"column":16},"end":{"line":225,"column":7}},"77":{"start":{"line":194,"column":8},"end":{"line":224,"column":37}},"78":{"start":{"line":195,"column":12},"end":{"line":223,"column":13}},"79":{"start":{"line":196,"column":16},"end":{"line":222,"column":17}},"80":{"start":{"line":198,"column":24},"end":{"line":202,"column":26}},"81":{"start":{"line":203,"column":24},"end":{"line":203,"column":43}},"82":{"start":{"line":204,"column":24},"end":{"line":204,"column":43}},"83":{"start":{"line":205,"column":24},"end":{"line":205,"column":64}},"84":{"start":{"line":208,"column":24},"end":{"line":208,"column":45}},"85":{"start":{"line":209,"column":24},"end":{"line":209,"column":43}},"86":{"start":{"line":210,"column":24},"end":{"line":210,"column":30}},"87":{"start":{"line":213,"column":24},"end":{"line":213,"column":43}},"88":{"start":{"line":214,"column":24},"end":{"line":214,"column":61}},"89":{"start":{"line":217,"column":24},"end":{"line":217,"column":63}},"90":{"start":{"line":221,"column":24},"end":{"line":221,"column":48}},"91":{"start":{"line":227,"column":4},"end":{"line":229,"column":6}},"92":{"start":{"line":228,"column":8},"end":{"line":228,"column":44}},"93":{"start":{"line":232,"column":20},"end":{"line":232,"column":56}},"94":{"start":{"line":234,"column":21},"end":{"line":234,"column":58}},"95":{"start":{"line":236,"column":39},"end":{"line":236,"column":93}},"96":{"start":{"line":238,"column":33},"end":{"line":238,"column":456}},"97":{"start":{"line":238,"column":64},"end":{"line":238,"column":89}},"98":{"start":{"line":238,"column":91},"end":{"line":238,"column":453}},"99":{"start":{"line":238,"column":165},"end":{"line":238,"column":263}},"100":{"start":{"line":238,"column":182},"end":{"line":238,"column":195}},"101":{"start":{"line":238,"column":209},"end":{"line":238,"column":219}},"102":{"start":{"line":238,"column":239},"end":{"line":238,"column":253}},"103":{"start":{"line":238,"column":254},"end":{"line":238,"column":261}},"104":{"start":{"line":238,"column":264},"end":{"line":238,"column":426}},"105":{"start":{"line":238,"column":281},"end":{"line":238,"column":296}},"106":{"start":{"line":238,"column":306},"end":{"line":238,"column":424}},"107":{"start":{"line":238,"column":360},"end":{"line":238,"column":380}},"108":{"start":{"line":238,"column":401},"end":{"line":238,"column":420}},"109":{"start":{"line":238,"column":429},"end":{"line":238,"column":449}},"110":{"start":{"line":240,"column":25},"end":{"line":246,"column":1}},"111":{"start":{"line":247,"column":0},"end":{"line":247,"column":37}}},"fnMap":{"0":{"name":"(anonymous_0)","decl":{"start":{"line":11,"column":24},"end":{"line":11,"column":25}},"loc":{"start":{"line":11,"column":36},"end":{"line":55,"column":1}},"line":11},"1":{"name":"_callee","decl":{"start":{"line":12,"column":83},"end":{"line":12,"column":90}},"loc":{"start":{"line":12,"column":134},"end":{"line":50,"column":5}},"line":12},"2":{"name":"_callee$","decl":{"start":{"line":14,"column":51},"end":{"line":14,"column":59}},"loc":{"start":{"line":14,"column":70},"end":{"line":49,"column":9}},"line":14},"3":{"name":"createAccessToken","decl":{"start":{"line":52,"column":20},"end":{"line":52,"column":37}},"loc":{"start":{"line":52,"column":57},"end":{"line":54,"column":5}},"line":52},"4":{"name":"(anonymous_4)","decl":{"start":{"line":57,"column":24},"end":{"line":57,"column":25}},"loc":{"start":{"line":57,"column":36},"end":{"line":100,"column":1}},"line":57},"5":{"name":"_callee2","decl":{"start":{"line":58,"column":84},"end":{"line":58,"column":92}},"loc":{"start":{"line":58,"column":102},"end":{"line":95,"column":5}},"line":58},"6":{"name":"_callee2$","decl":{"start":{"line":60,"column":51},"end":{"line":60,"column":60}},"loc":{"start":{"line":60,"column":72},"end":{"line":94,"column":9}},"line":60},"7":{"name":"deleteAccessToken","decl":{"start":{"line":97,"column":20},"end":{"line":97,"column":37}},"loc":{"start":{"line":97,"column":43},"end":{"line":99,"column":5}},"line":97},"8":{"name":"(anonymous_8)","decl":{"start":{"line":102,"column":24},"end":{"line":102,"column":25}},"loc":{"start":{"line":102,"column":36},"end":{"line":148,"column":1}},"line":102},"9":{"name":"_callee3","decl":{"start":{"line":103,"column":84},"end":{"line":103,"column":92}},"loc":{"start":{"line":103,"column":120},"end":{"line":143,"column":5}},"line":103},"10":{"name":"_callee3$","decl":{"start":{"line":105,"column":51},"end":{"line":105,"column":60}},"loc":{"start":{"line":105,"column":72},"end":{"line":142,"column":9}},"line":105},"11":{"name":"updateAccessToken","decl":{"start":{"line":145,"column":20},"end":{"line":145,"column":37}},"loc":{"start":{"line":145,"column":53},"end":{"line":147,"column":5}},"line":145},"12":{"name":"(anonymous_12)","decl":{"start":{"line":150,"column":21},"end":{"line":150,"column":22}},"loc":{"start":{"line":150,"column":33},"end":{"line":189,"column":1}},"line":150},"13":{"name":"_callee4","decl":{"start":{"line":151,"column":84},"end":{"line":151,"column":92}},"loc":{"start":{"line":151,"column":97},"end":{"line":184,"column":5}},"line":151},"14":{"name":"_callee4$","decl":{"start":{"line":153,"column":51},"end":{"line":153,"column":60}},"loc":{"start":{"line":153,"column":72},"end":{"line":183,"column":9}},"line":153},"15":{"name":"getAccessToken","decl":{"start":{"line":186,"column":20},"end":{"line":186,"column":34}},"loc":{"start":{"line":186,"column":40},"end":{"line":188,"column":5}},"line":186},"16":{"name":"(anonymous_16)","decl":{"start":{"line":191,"column":24},"end":{"line":191,"column":25}},"loc":{"start":{"line":191,"column":36},"end":{"line":230,"column":1}},"line":191},"17":{"name":"_callee5","decl":{"start":{"line":192,"column":84},"end":{"line":192,"column":92}},"loc":{"start":{"line":192,"column":95},"end":{"line":225,"column":5}},"line":192},"18":{"name":"_callee5$","decl":{"start":{"line":194,"column":51},"end":{"line":194,"column":60}},"loc":{"start":{"line":194,"column":72},"end":{"line":224,"column":9}},"line":194},"19":{"name":"getAllAccessToken","decl":{"start":{"line":227,"column":20},"end":{"line":227,"column":37}},"loc":{"start":{"line":227,"column":40},"end":{"line":229,"column":5}},"line":227},"20":{"name":"_interopRequireDefault","decl":{"start":{"line":236,"column":9},"end":{"line":236,"column":31}},"loc":{"start":{"line":236,"column":37},"end":{"line":236,"column":95}},"line":236},"21":{"name":"_asyncToGenerator","decl":{"start":{"line":238,"column":9},"end":{"line":238,"column":26}},"loc":{"start":{"line":238,"column":31},"end":{"line":238,"column":458}},"line":238},"22":{"name":"(anonymous_22)","decl":{"start":{"line":238,"column":40},"end":{"line":238,"column":41}},"loc":{"start":{"line":238,"column":52},"end":{"line":238,"column":455}},"line":238},"23":{"name":"(anonymous_23)","decl":{"start":{"line":238,"column":110},"end":{"line":238,"column":111}},"loc":{"start":{"line":238,"column":137},"end":{"line":238,"column":451}},"line":238},"24":{"name":"step","decl":{"start":{"line":238,"column":148},"end":{"line":238,"column":152}},"loc":{"start":{"line":238,"column":163},"end":{"line":238,"column":428}},"line":238},"25":{"name":"(anonymous_25)","decl":{"start":{"line":238,"column":341},"end":{"line":238,"column":342}},"loc":{"start":{"line":238,"column":358},"end":{"line":238,"column":382}},"line":238},"26":{"name":"(anonymous_26)","decl":{"start":{"line":238,"column":384},"end":{"line":238,"column":385}},"loc":{"start":{"line":238,"column":399},"end":{"line":238,"column":422}},"line":238}},"branchMap":{"0":{"loc":{"start":{"line":16,"column":16},"end":{"line":47,"column":17}},"type":"switch","locations":[{"start":{"line":17,"column":20},"end":{"line":30,"column":27}},{"start":{"line":32,"column":20},"end":{"line":35,"column":30}},{"start":{"line":37,"column":20},"end":{"line":39,"column":59}},{"start":{"line":41,"column":20},"end":{"line":42,"column":62}},{"start":{"line":44,"column":20},"end":{"line":44,"column":28}},{"start":{"line":45,"column":20},"end":{"line":46,"column":47}}],"line":16},"1":{"loc":{"start":{"line":62,"column":16},"end":{"line":92,"column":17}},"type":"switch","locations":[{"start":{"line":63,"column":20},"end":{"line":75,"column":27}},{"start":{"line":77,"column":20},"end":{"line":80,"column":30}},{"start":{"line":82,"column":20},"end":{"line":84,"column":61}},{"start":{"line":86,"column":20},"end":{"line":87,"column":63}},{"start":{"line":89,"column":20},"end":{"line":89,"column":28}},{"start":{"line":90,"column":20},"end":{"line":91,"column":48}}],"line":62},"2":{"loc":{"start":{"line":107,"column":16},"end":{"line":140,"column":17}},"type":"switch","locations":[{"start":{"line":108,"column":20},"end":{"line":123,"column":27}},{"start":{"line":125,"column":20},"end":{"line":128,"column":30}},{"start":{"line":130,"column":20},"end":{"line":132,"column":61}},{"start":{"line":134,"column":20},"end":{"line":135,"column":63}},{"start":{"line":137,"column":20},"end":{"line":137,"column":28}},{"start":{"line":138,"column":20},"end":{"line":139,"column":48}}],"line":107},"3":{"loc":{"start":{"line":155,"column":16},"end":{"line":181,"column":17}},"type":"switch","locations":[{"start":{"line":156,"column":20},"end":{"line":164,"column":67}},{"start":{"line":166,"column":20},"end":{"line":169,"column":30}},{"start":{"line":171,"column":20},"end":{"line":173,"column":61}},{"start":{"line":175,"column":20},"end":{"line":176,"column":63}},{"start":{"line":178,"column":20},"end":{"line":178,"column":28}},{"start":{"line":179,"column":20},"end":{"line":180,"column":48}}],"line":155},"4":{"loc":{"start":{"line":196,"column":16},"end":{"line":222,"column":17}},"type":"switch","locations":[{"start":{"line":197,"column":20},"end":{"line":205,"column":64}},{"start":{"line":207,"column":20},"end":{"line":210,"column":30}},{"start":{"line":212,"column":20},"end":{"line":214,"column":61}},{"start":{"line":216,"column":20},"end":{"line":217,"column":63}},{"start":{"line":219,"column":20},"end":{"line":219,"column":28}},{"start":{"line":220,"column":20},"end":{"line":221,"column":48}}],"line":196},"5":{"loc":{"start":{"line":236,"column":46},"end":{"line":236,"column":92}},"type":"cond-expr","locations":[{"start":{"line":236,"column":70},"end":{"line":236,"column":73}},{"start":{"line":236,"column":76},"end":{"line":236,"column":92}}],"line":236},"6":{"loc":{"start":{"line":236,"column":46},"end":{"line":236,"column":67}},"type":"binary-expr","locations":[{"start":{"line":236,"column":46},"end":{"line":236,"column":49}},{"start":{"line":236,"column":53},"end":{"line":236,"column":67}}],"line":236},"7":{"loc":{"start":{"line":238,"column":264},"end":{"line":238,"column":426}},"type":"if","locations":[{"start":{"line":238,"column":264},"end":{"line":238,"column":426}},{"start":{"line":238,"column":264},"end":{"line":238,"column":426}}],"line":238}},"s":{"0":1,"1":1,"2":1,"3":1,"4":1,"5":0,"6":0,"7":0,"8":0,"9":0,"10":0,"11":0,"12":0,"13":0,"14":0,"15":0,"16":0,"17":0,"18":0,"19":1,"20":0,"21":1,"22":1,"23":0,"24":0,"25":0,"26":0,"27":0,"28":0,"29":0,"30":0,"31":0,"32":0,"33":0,"34":0,"35":0,"36":0,"37":1,"38":0,"39":1,"40":1,"41":0,"42":0,"43":0,"44":0,"45":0,"46":0,"47":0,"48":0,"49":0,"50":0,"51":0,"52":0,"53":0,"54":0,"55":1,"56":0,"57":1,"58":1,"59":0,"60":0,"61":0,"62":0,"63":0,"64":0,"65":0,"66":0,"67":0,"68":0,"69":0,"70":0,"71":0,"72":0,"73":1,"74":0,"75":1,"76":1,"77":0,"78":0,"79":0,"80":0,"81":0,"82":0,"83":0,"84":0,"85":0,"86":0,"87":0,"88":0,"89":0,"90":0,"91":1,"92":0,"93":1,"94":1,"95":2,"96":5,"97":0,"98":0,"99":0,"100":0,"101":0,"102":0,"103":0,"104":0,"105":0,"106":0,"107":0,"108":0,"109":0,"110":1,"111":1},"f":{"0":1,"1":0,"2":0,"3":0,"4":1,"5":0,"6":0,"7":0,"8":1,"9":0,"10":0,"11":0,"12":1,"13":0,"14":0,"15":0,"16":1,"17":0,"18":0,"19":0,"20":2,"21":5,"22":0,"23":0,"24":0,"25":0,"26":0},"b":{"0":[0,0,0,0,0,0],"1":[0,0,0,0,0,0],"2":[0,0,0,0,0,0],"3":[0,0,0,0,0,0],"4":[0,0,0,0,0,0],"5":[1,1],"6":[2,2],"7":[0,0]},"_coverageSchema":"43e27e138ebf9cfc5966b082cf9a028302ed4184","hash":"66cb8a2a8381b1394256b02f21b793555a3f5be4","contentHash":"a89c1b4b5ab77f19302fd9070b051fcc"},"/Users/zhouli/mygithub/node-blog/src/models/access_token.js":{"path":"/Users/zhouli/mygithub/node-blog/src/models/access_token.js","statementMap":{"0":{"start":{"line":3,"column":0},"end":{"line":5,"column":3}},"1":{"start":{"line":7,"column":22},"end":{"line":7,"column":56}},"2":{"start":{"line":9,"column":23},"end":{"line":9,"column":62}},"3":{"start":{"line":11,"column":12},"end":{"line":11,"column":29}},"4":{"start":{"line":13,"column":13},"end":{"line":13,"column":42}},"5":{"start":{"line":15,"column":39},"end":{"line":15,"column":93}},"6":{"start":{"line":18,"column":16},"end":{"line":18,"column":50}},"7":{"start":{"line":19,"column":16},"end":{"line":19,"column":50}},"8":{"start":{"line":21,"column":19},"end":{"line":49,"column":2}},"9":{"start":{"line":51,"column":0},"end":{"line":51,"column":37}},"10":{"start":{"line":52,"column":0},"end":{"line":52,"column":39}},"11":{"start":{"line":54,"column":0},"end":{"line":54,"column":31}}},"fnMap":{"0":{"name":"_interopRequireDefault","decl":{"start":{"line":15,"column":9},"end":{"line":15,"column":31}},"loc":{"start":{"line":15,"column":37},"end":{"line":15,"column":95}},"line":15}},"branchMap":{"0":{"loc":{"start":{"line":15,"column":46},"end":{"line":15,"column":92}},"type":"cond-expr","locations":[{"start":{"line":15,"column":70},"end":{"line":15,"column":73}},{"start":{"line":15,"column":76},"end":{"line":15,"column":92}}],"line":15},"1":{"loc":{"start":{"line":15,"column":46},"end":{"line":15,"column":67}},"type":"binary-expr","locations":[{"start":{"line":15,"column":46},"end":{"line":15,"column":49}},{"start":{"line":15,"column":53},"end":{"line":15,"column":67}}],"line":15}},"s":{"0":1,"1":1,"2":1,"3":1,"4":1,"5":2,"6":1,"7":1,"8":1,"9":1,"10":1,"11":1},"f":{"0":2},"b":{"0":[2,0],"1":[2,2]},"_coverageSchema":"43e27e138ebf9cfc5966b082cf9a028302ed4184","hash":"c7586ee1b5d8f279f2c6e08b296e06dcaaeac1b9","contentHash":"4c80d71ff7ae1e29098e0e34aed49622"},"/Users/zhouli/mygithub/node-blog/src/utils/sequelizeQuery.js":{"path":"/Users/zhouli/mygithub/node-blog/src/utils/sequelizeQuery.js","statementMap":{"0":{"start":{"line":3,"column":0},"end":{"line":5,"column":3}},"1":{"start":{"line":7,"column":17},"end":{"line":7,"column":37}},"2":{"start":{"line":9,"column":18},"end":{"line":9,"column":52}},"3":{"start":{"line":11,"column":13},"end":{"line":11,"column":39}},"4":{"start":{"line":13,"column":14},"end":{"line":13,"column":44}},"5":{"start":{"line":15,"column":39},"end":{"line":15,"column":93}},"6":{"start":{"line":21,"column":16},"end":{"line":21,"column":37}},"7":{"start":{"line":22,"column":0},"end":{"line":22,"column":43}},"8":{"start":{"line":23,"column":16},"end":{"line":45,"column":2}},"9":{"start":{"line":46,"column":9},"end":{"line":49,"column":1}},"10":{"start":{"line":50,"column":0},"end":{"line":50,"column":21}}},"fnMap":{"0":{"name":"_interopRequireDefault","decl":{"start":{"line":15,"column":9},"end":{"line":15,"column":31}},"loc":{"start":{"line":15,"column":37},"end":{"line":15,"column":95}},"line":15}},"branchMap":{"0":{"loc":{"start":{"line":15,"column":46},"end":{"line":15,"column":92}},"type":"cond-expr","locations":[{"start":{"line":15,"column":70},"end":{"line":15,"column":73}},{"start":{"line":15,"column":76},"end":{"line":15,"column":92}}],"line":15},"1":{"loc":{"start":{"line":15,"column":46},"end":{"line":15,"column":67}},"type":"binary-expr","locations":[{"start":{"line":15,"column":46},"end":{"line":15,"column":49}},{"start":{"line":15,"column":53},"end":{"line":15,"column":67}}],"line":15}},"s":{"0":1,"1":1,"2":1,"3":1,"4":1,"5":2,"6":1,"7":1,"8":1,"9":1,"10":1},"f":{"0":2},"b":{"0":[1,1],"1":[2,2]},"_coverageSchema":"43e27e138ebf9cfc5966b082cf9a028302ed4184","hash":"d11f07e63aa8a31bab57297e3d4e6aca85ec0a34","contentHash":"7624ce249bf2254d8753d93d25f439db"},"/Users/zhouli/mygithub/node-blog/src/config/index.js":{"path":"/Users/zhouli/mygithub/node-blog/src/config/index.js","statementMap":{"0":{"start":{"line":3,"column":0},"end":{"line":5,"column":3}},"1":{"start":{"line":7,"column":17},"end":{"line":7,"column":43}},"2":{"start":{"line":9,"column":18},"end":{"line":9,"column":52}},"3":{"start":{"line":11,"column":18},"end":{"line":11,"column":45}},"4":{"start":{"line":13,"column":19},"end":{"line":13,"column":54}},"5":{"start":{"line":15,"column":18},"end":{"line":15,"column":45}},"6":{"start":{"line":17,"column":19},"end":{"line":17,"column":54}},"7":{"start":{"line":19,"column":39},"end":{"line":19,"column":93}},"8":{"start":{"line":21,"column":10},"end":{"line":21,"column":47}},"9":{"start":{"line":25,"column":11},"end":{"line":25,"column":30}},"10":{"start":{"line":26,"column":0},"end":{"line":29,"column":1}},"11":{"start":{"line":27,"column":4},"end":{"line":27,"column":32}},"12":{"start":{"line":28,"column":4},"end":{"line":28,"column":35}},"13":{"start":{"line":31,"column":0},"end":{"line":34,"column":1}},"14":{"start":{"line":32,"column":4},"end":{"line":32,"column":32}},"15":{"start":{"line":33,"column":4},"end":{"line":33,"column":29}},"16":{"start":{"line":35,"column":0},"end":{"line":35,"column":32}},"17":{"start":{"line":36,"column":0},"end":{"line":36,"column":23}}},"fnMap":{"0":{"name":"_interopRequireDefault","decl":{"start":{"line":19,"column":9},"end":{"line":19,"column":31}},"loc":{"start":{"line":19,"column":37},"end":{"line":19,"column":95}},"line":19}},"branchMap":{"0":{"loc":{"start":{"line":19,"column":46},"end":{"line":19,"column":92}},"type":"cond-expr","locations":[{"start":{"line":19,"column":70},"end":{"line":19,"column":73}},{"start":{"line":19,"column":76},"end":{"line":19,"column":92}}],"line":19},"1":{"loc":{"start":{"line":19,"column":46},"end":{"line":19,"column":67}},"type":"binary-expr","locations":[{"start":{"line":19,"column":46},"end":{"line":19,"column":49}},{"start":{"line":19,"column":53},"end":{"line":19,"column":67}}],"line":19},"2":{"loc":{"start":{"line":21,"column":10},"end":{"line":21,"column":47}},"type":"binary-expr","locations":[{"start":{"line":21,"column":10},"end":{"line":21,"column":30}},{"start":{"line":21,"column":34},"end":{"line":21,"column":47}}],"line":21},"3":{"loc":{"start":{"line":26,"column":0},"end":{"line":29,"column":1}},"type":"if","locations":[{"start":{"line":26,"column":0},"end":{"line":29,"column":1}},{"start":{"line":26,"column":0},"end":{"line":29,"column":1}}],"line":26},"4":{"loc":{"start":{"line":31,"column":0},"end":{"line":34,"column":1}},"type":"if","locations":[{"start":{"line":31,"column":0},"end":{"line":34,"column":1}},{"start":{"line":31,"column":0},"end":{"line":34,"column":1}}],"line":31}},"s":{"0":1,"1":1,"2":1,"3":1,"4":1,"5":1,"6":1,"7":3,"8":1,"9":1,"10":1,"11":0,"12":0,"13":1,"14":0,"15":0,"16":1,"17":1},"f":{"0":3},"b":{"0":[3,0],"1":[3,3],"2":[1,0],"3":[0,1],"4":[0,1]},"_coverageSchema":"43e27e138ebf9cfc5966b082cf9a028302ed4184","hash":"73e844d0def269a5f48cc266ff008aa93b2c3d37","contentHash":"b398ad116f19df08e1328ddfaa200160"},"/Users/zhouli/mygithub/node-blog/src/config/config.dev.js":{"path":"/Users/zhouli/mygithub/node-blog/src/config/config.dev.js","statementMap":{"0":{"start":{"line":3,"column":0},"end":{"line":5,"column":3}},"1":{"start":{"line":7,"column":19},"end":{"line":7,"column":56}},"2":{"start":{"line":9,"column":20},"end":{"line":9,"column":56}},"3":{"start":{"line":11,"column":39},"end":{"line":11,"column":93}},"4":{"start":{"line":13,"column":13},"end":{"line":25,"column":1}},"5":{"start":{"line":29,"column":0},"end":{"line":29,"column":25}}},"fnMap":{"0":{"name":"_interopRequireDefault","decl":{"start":{"line":11,"column":9},"end":{"line":11,"column":31}},"loc":{"start":{"line":11,"column":37},"end":{"line":11,"column":95}},"line":11}},"branchMap":{"0":{"loc":{"start":{"line":11,"column":46},"end":{"line":11,"column":92}},"type":"cond-expr","locations":[{"start":{"line":11,"column":70},"end":{"line":11,"column":73}},{"start":{"line":11,"column":76},"end":{"line":11,"column":92}}],"line":11},"1":{"loc":{"start":{"line":11,"column":46},"end":{"line":11,"column":67}},"type":"binary-expr","locations":[{"start":{"line":11,"column":46},"end":{"line":11,"column":49}},{"start":{"line":11,"column":53},"end":{"line":11,"column":67}}],"line":11}},"s":{"0":1,"1":1,"2":1,"3":1,"4":1,"5":1},"f":{"0":1},"b":{"0":[1,0],"1":[1,1]},"_coverageSchema":"43e27e138ebf9cfc5966b082cf9a028302ed4184","hash":"411f2311d4bbbbc912f11d5f100b0fefb50ea66f","contentHash":"d07f18ab37ec0df170921af010518661"},"/Users/zhouli/mygithub/node-blog/settings/appSettings.js":{"path":"/Users/zhouli/mygithub/node-blog/settings/appSettings.js","statementMap":{"0":{"start":{"line":3,"column":0},"end":{"line":5,"column":3}},"1":{"start":{"line":8,"column":0},"end":{"line":43,"column":2}}},"fnMap":{},"branchMap":{},"s":{"0":1,"1":1},"f":{},"b":{},"_coverageSchema":"43e27e138ebf9cfc5966b082cf9a028302ed4184","hash":"6bb94d11f434e71a7a4d80eee562f0114ff7c00c","contentHash":"58cf67ac74a427317125b177fdc8d70a"},"/Users/zhouli/mygithub/node-blog/src/config/config.prod.js":{"path":"/Users/zhouli/mygithub/node-blog/src/config/config.prod.js","statementMap":{"0":{"start":{"line":3,"column":0},"end":{"line":5,"column":3}},"1":{"start":{"line":7,"column":19},"end":{"line":7,"column":56}},"2":{"start":{"line":9,"column":20},"end":{"line":9,"column":56}},"3":{"start":{"line":11,"column":39},"end":{"line":11,"column":93}},"4":{"start":{"line":13,"column":13},"end":{"line":25,"column":1}},"5":{"start":{"line":29,"column":0},"end":{"line":29,"column":25}}},"fnMap":{"0":{"name":"_interopRequireDefault","decl":{"start":{"line":11,"column":9},"end":{"line":11,"column":31}},"loc":{"start":{"line":11,"column":37},"end":{"line":11,"column":95}},"line":11}},"branchMap":{"0":{"loc":{"start":{"line":11,"column":46},"end":{"line":11,"column":92}},"type":"cond-expr","locations":[{"start":{"line":11,"column":70},"end":{"line":11,"column":73}},{"start":{"line":11,"column":76},"end":{"line":11,"column":92}}],"line":11},"1":{"loc":{"start":{"line":11,"column":46},"end":{"line":11,"column":67}},"type":"binary-expr","locations":[{"start":{"line":11,"column":46},"end":{"line":11,"column":49}},{"start":{"line":11,"column":53},"end":{"line":11,"column":67}}],"line":11}},"s":{"0":1,"1":1,"2":1,"3":1,"4":1,"5":1},"f":{"0":1},"b":{"0":[1,0],"1":[1,1]},"_coverageSchema":"43e27e138ebf9cfc5966b082cf9a028302ed4184","hash":"a0247268c63e1eb7e726c6808528310509b9c08b","contentHash":"48595e58d4d26b1155ce60048cb05e90"},"/Users/zhouli/mygithub/node-blog/src/models/user.js":{"path":"/Users/zhouli/mygithub/node-blog/src/models/user.js","statementMap":{"0":{"start":{"line":3,"column":0},"end":{"line":5,"column":3}},"1":{"start":{"line":7,"column":22},"end":{"line":7,"column":56}},"2":{"start":{"line":9,"column":23},"end":{"line":9,"column":62}},"3":{"start":{"line":11,"column":39},"end":{"line":11,"column":93}},"4":{"start":{"line":13,"column":16},"end":{"line":13,"column":50}},"5":{"start":{"line":14,"column":16},"end":{"line":14,"column":50}},"6":{"start":{"line":16,"column":11},"end":{"line":50,"column":2}},"7":{"start":{"line":51,"column":0},"end":{"line":51,"column":23}}},"fnMap":{"0":{"name":"_interopRequireDefault","decl":{"start":{"line":11,"column":9},"end":{"line":11,"column":31}},"loc":{"start":{"line":11,"column":37},"end":{"line":11,"column":95}},"line":11}},"branchMap":{"0":{"loc":{"start":{"line":11,"column":46},"end":{"line":11,"column":92}},"type":"cond-expr","locations":[{"start":{"line":11,"column":70},"end":{"line":11,"column":73}},{"start":{"line":11,"column":76},"end":{"line":11,"column":92}}],"line":11},"1":{"loc":{"start":{"line":11,"column":46},"end":{"line":11,"column":67}},"type":"binary-expr","locations":[{"start":{"line":11,"column":46},"end":{"line":11,"column":49}},{"start":{"line":11,"column":53},"end":{"line":11,"column":67}}],"line":11}},"s":{"0":1,"1":1,"2":1,"3":1,"4":1,"5":1,"6":1,"7":1},"f":{"0":1},"b":{"0":[1,0],"1":[1,1]},"_coverageSchema":"43e27e138ebf9cfc5966b082cf9a028302ed4184","hash":"a5a30514dd6ab81dfe29c1bc251ad993d45eb9ec","contentHash":"98e64099344c9f6b45e8bf52c2ed4fcf"},"/Users/zhouli/mygithub/node-blog/src/service/comment/index.js":{"path":"/Users/zhouli/mygithub/node-blog/src/service/comment/index.js","statementMap":{"0":{"start":{"line":3,"column":0},"end":{"line":5,"column":3}},"1":{"start":{"line":7,"column":22},"end":{"line":7,"column":49}},"2":{"start":{"line":9,"column":23},"end":{"line":9,"column":62}},"3":{"start":{"line":11,"column":39},"end":{"line":11,"column":93}},"4":{"start":{"line":13,"column":0},"end":{"line":15,"column":2}}},"fnMap":{"0":{"name":"_interopRequireDefault","decl":{"start":{"line":11,"column":9},"end":{"line":11,"column":31}},"loc":{"start":{"line":11,"column":37},"end":{"line":11,"column":95}},"line":11}},"branchMap":{"0":{"loc":{"start":{"line":11,"column":46},"end":{"line":11,"column":92}},"type":"cond-expr","locations":[{"start":{"line":11,"column":70},"end":{"line":11,"column":73}},{"start":{"line":11,"column":76},"end":{"line":11,"column":92}}],"line":11},"1":{"loc":{"start":{"line":11,"column":46},"end":{"line":11,"column":67}},"type":"binary-expr","locations":[{"start":{"line":11,"column":46},"end":{"line":11,"column":49}},{"start":{"line":11,"column":53},"end":{"line":11,"column":67}}],"line":11}},"s":{"0":1,"1":1,"2":1,"3":1,"4":1},"f":{"0":1},"b":{"0":[1,0],"1":[1,1]},"_coverageSchema":"43e27e138ebf9cfc5966b082cf9a028302ed4184","hash":"869438146252a2e21ea555356eada755a315fa9d","contentHash":"584a51fb99ba7e2884e4e6257828fafa"},"/Users/zhouli/mygithub/node-blog/src/service/comment/commentService.js":{"path":"/Users/zhouli/mygithub/node-blog/src/service/comment/commentService.js","statementMap":{"0":{"start":{"line":3,"column":0},"end":{"line":5,"column":3}},"1":{"start":{"line":7,"column":19},"end":{"line":7,"column":55}},"2":{"start":{"line":9,"column":20},"end":{"line":9,"column":56}},"3":{"start":{"line":11,"column":20},"end":{"line":97,"column":3}},"4":{"start":{"line":12,"column":15},"end":{"line":92,"column":7}},"5":{"start":{"line":14,"column":8},"end":{"line":91,"column":27}},"6":{"start":{"line":15,"column":12},"end":{"line":90,"column":13}},"7":{"start":{"line":16,"column":16},"end":{"line":89,"column":17}},"8":{"start":{"line":18,"column":24},"end":{"line":18,"column":35}},"9":{"start":{"line":19,"column":24},"end":{"line":19,"column":34}},"10":{"start":{"line":21,"column":24},"end":{"line":24,"column":25}},"11":{"start":{"line":22,"column":28},"end":{"line":22,"column":47}},"12":{"start":{"line":23,"column":28},"end":{"line":23,"column":34}},"13":{"start":{"line":26,"column":24},"end":{"line":73,"column":28}},"14":{"start":{"line":27,"column":40},"end":{"line":61,"column":31}},"15":{"start":{"line":28,"column":32},"end":{"line":60,"column":50}},"16":{"start":{"line":29,"column":36},"end":{"line":59,"column":37}},"17":{"start":{"line":30,"column":40},"end":{"line":58,"column":41}},"18":{"start":{"line":32,"column":48},"end":{"line":32,"column":66}},"19":{"start":{"line":33,"column":48},"end":{"line":36,"column":71}},"20":{"start":{"line":39,"column":48},"end":{"line":39,"column":68}},"21":{"start":{"line":40,"column":48},"end":{"line":40,"column":66}},"22":{"start":{"line":41,"column":48},"end":{"line":46,"column":51}},"23":{"start":{"line":49,"column":48},"end":{"line":49,"column":67}},"24":{"start":{"line":50,"column":48},"end":{"line":53,"column":51}},"25":{"start":{"line":57,"column":48},"end":{"line":57,"column":71}},"26":{"start":{"line":63,"column":28},"end":{"line":65,"column":30}},"27":{"start":{"line":64,"column":32},"end":{"line":64,"column":68}},"28":{"start":{"line":69,"column":28},"end":{"line":69,"column":43}},"29":{"start":{"line":72,"column":28},"end":{"line":72,"column":39}},"30":{"start":{"line":76,"column":24},"end":{"line":76,"column":43}},"31":{"start":{"line":77,"column":24},"end":{"line":80,"column":27}},"32":{"start":{"line":83,"column":24},"end":{"line":83,"column":45}},"33":{"start":{"line":84,"column":24},"end":{"line":84,"column":63}},"34":{"start":{"line":88,"column":24},"end":{"line":88,"column":48}},"35":{"start":{"line":94,"column":4},"end":{"line":96,"column":6}},"36":{"start":{"line":95,"column":8},"end":{"line":95,"column":43}},"37":{"start":{"line":99,"column":26},"end":{"line":142,"column":3}},"38":{"start":{"line":100,"column":16},"end":{"line":137,"column":7}},"39":{"start":{"line":102,"column":8},"end":{"line":136,"column":37}},"40":{"start":{"line":103,"column":12},"end":{"line":135,"column":13}},"41":{"start":{"line":104,"column":16},"end":{"line":134,"column":17}},"42":{"start":{"line":106,"column":24},"end":{"line":110,"column":26}},"43":{"start":{"line":111,"column":24},"end":{"line":111,"column":43}},"44":{"start":{"line":112,"column":24},"end":{"line":112,"column":43}},"45":{"start":{"line":113,"column":24},"end":{"line":117,"column":27}},"46":{"start":{"line":120,"column":24},"end":{"line":120,"column":45}},"47":{"start":{"line":121,"column":24},"end":{"line":121,"column":43}},"48":{"start":{"line":122,"column":24},"end":{"line":122,"column":30}},"49":{"start":{"line":125,"column":24},"end":{"line":125,"column":43}},"50":{"start":{"line":126,"column":24},"end":{"line":126,"column":61}},"51":{"start":{"line":129,"column":24},"end":{"line":129,"column":63}},"52":{"start":{"line":133,"column":24},"end":{"line":133,"column":48}},"53":{"start":{"line":139,"column":4},"end":{"line":141,"column":6}},"54":{"start":{"line":140,"column":8},"end":{"line":140,"column":44}},"55":{"start":{"line":144,"column":20},"end":{"line":190,"column":3}},"56":{"start":{"line":145,"column":16},"end":{"line":185,"column":7}},"57":{"start":{"line":147,"column":8},"end":{"line":184,"column":37}},"58":{"start":{"line":148,"column":12},"end":{"line":183,"column":13}},"59":{"start":{"line":149,"column":16},"end":{"line":182,"column":17}},"60":{"start":{"line":153,"column":24},"end":{"line":157,"column":26}},"61":{"start":{"line":158,"column":24},"end":{"line":158,"column":43}},"62":{"start":{"line":159,"column":24},"end":{"line":159,"column":43}},"63":{"start":{"line":160,"column":24},"end":{"line":165,"column":27}},"64":{"start":{"line":168,"column":24},"end":{"line":168,"column":45}},"65":{"start":{"line":169,"column":24},"end":{"line":169,"column":43}},"66":{"start":{"line":170,"column":24},"end":{"line":170,"column":30}},"67":{"start":{"line":173,"column":24},"end":{"line":173,"column":43}},"68":{"start":{"line":174,"column":24},"end":{"line":174,"column":61}},"69":{"start":{"line":177,"column":24},"end":{"line":177,"column":63}},"70":{"start":{"line":181,"column":24},"end":{"line":181,"column":48}},"71":{"start":{"line":187,"column":4},"end":{"line":189,"column":6}},"72":{"start":{"line":188,"column":8},"end":{"line":188,"column":44}},"73":{"start":{"line":192,"column":26},"end":{"line":237,"column":3}},"74":{"start":{"line":193,"column":16},"end":{"line":232,"column":7}},"75":{"start":{"line":195,"column":8},"end":{"line":231,"column":37}},"76":{"start":{"line":196,"column":12},"end":{"line":230,"column":13}},"77":{"start":{"line":197,"column":16},"end":{"line":229,"column":17}},"78":{"start":{"line":199,"column":24},"end":{"line":203,"column":26}},"79":{"start":{"line":204,"column":24},"end":{"line":204,"column":43}},"80":{"start":{"line":205,"column":24},"end":{"line":205,"column":43}},"81":{"start":{"line":206,"column":24},"end":{"line":212,"column":27}},"82":{"start":{"line":215,"column":24},"end":{"line":215,"column":45}},"83":{"start":{"line":216,"column":24},"end":{"line":216,"column":43}},"84":{"start":{"line":217,"column":24},"end":{"line":217,"column":30}},"85":{"start":{"line":220,"column":24},"end":{"line":220,"column":43}},"86":{"start":{"line":221,"column":24},"end":{"line":221,"column":61}},"87":{"start":{"line":224,"column":24},"end":{"line":224,"column":63}},"88":{"start":{"line":228,"column":24},"end":{"line":228,"column":48}},"89":{"start":{"line":234,"column":4},"end":{"line":236,"column":6}},"90":{"start":{"line":235,"column":8},"end":{"line":235,"column":44}},"91":{"start":{"line":239,"column":20},"end":{"line":285,"column":3}},"92":{"start":{"line":240,"column":16},"end":{"line":280,"column":7}},"93":{"start":{"line":242,"column":8},"end":{"line":279,"column":37}},"94":{"start":{"line":243,"column":12},"end":{"line":278,"column":13}},"95":{"start":{"line":244,"column":16},"end":{"line":277,"column":17}},"96":{"start":{"line":246,"column":24},"end":{"line":250,"column":26}},"97":{"start":{"line":251,"column":24},"end":{"line":251,"column":43}},"98":{"start":{"line":252,"column":24},"end":{"line":252,"column":43}},"99":{"start":{"line":253,"column":24},"end":{"line":260,"column":27}},"100":{"start":{"line":263,"column":24},"end":{"line":263,"column":45}},"101":{"start":{"line":264,"column":24},"end":{"line":264,"column":43}},"102":{"start":{"line":265,"column":24},"end":{"line":265,"column":30}},"103":{"start":{"line":268,"column":24},"end":{"line":268,"column":43}},"104":{"start":{"line":269,"column":24},"end":{"line":269,"column":61}},"105":{"start":{"line":272,"column":24},"end":{"line":272,"column":63}},"106":{"start":{"line":276,"column":24},"end":{"line":276,"column":48}},"107":{"start":{"line":282,"column":4},"end":{"line":284,"column":6}},"108":{"start":{"line":283,"column":8},"end":{"line":283,"column":44}},"109":{"start":{"line":287,"column":17},"end":{"line":326,"column":3}},"110":{"start":{"line":288,"column":16},"end":{"line":321,"column":7}},"111":{"start":{"line":290,"column":8},"end":{"line":320,"column":37}},"112":{"start":{"line":291,"column":12},"end":{"line":319,"column":13}},"113":{"start":{"line":292,"column":16},"end":{"line":318,"column":17}},"114":{"start":{"line":294,"column":24},"end":{"line":298,"column":26}},"115":{"start":{"line":299,"column":24},"end":{"line":299,"column":43}},"116":{"start":{"line":300,"column":24},"end":{"line":300,"column":43}},"117":{"start":{"line":301,"column":24},"end":{"line":301,"column":62}},"118":{"start":{"line":304,"column":24},"end":{"line":304,"column":45}},"119":{"start":{"line":305,"column":24},"end":{"line":305,"column":43}},"120":{"start":{"line":306,"column":24},"end":{"line":306,"column":30}},"121":{"start":{"line":309,"column":24},"end":{"line":309,"column":43}},"122":{"start":{"line":310,"column":24},"end":{"line":310,"column":61}},"123":{"start":{"line":313,"column":24},"end":{"line":313,"column":63}},"124":{"start":{"line":317,"column":24},"end":{"line":317,"column":48}},"125":{"start":{"line":323,"column":4},"end":{"line":325,"column":6}},"126":{"start":{"line":324,"column":8},"end":{"line":324,"column":44}},"127":{"start":{"line":328,"column":20},"end":{"line":367,"column":3}},"128":{"start":{"line":329,"column":16},"end":{"line":362,"column":7}},"129":{"start":{"line":331,"column":8},"end":{"line":361,"column":37}},"130":{"start":{"line":332,"column":12},"end":{"line":360,"column":13}},"131":{"start":{"line":333,"column":16},"end":{"line":359,"column":17}},"132":{"start":{"line":335,"column":24},"end":{"line":339,"column":26}},"133":{"start":{"line":340,"column":24},"end":{"line":340,"column":43}},"134":{"start":{"line":341,"column":24},"end":{"line":341,"column":43}},"135":{"start":{"line":342,"column":24},"end":{"line":342,"column":59}},"136":{"start":{"line":345,"column":24},"end":{"line":345,"column":45}},"137":{"start":{"line":346,"column":24},"end":{"line":346,"column":43}},"138":{"start":{"line":347,"column":24},"end":{"line":347,"column":30}},"139":{"start":{"line":350,"column":24},"end":{"line":350,"column":43}},"140":{"start":{"line":351,"column":24},"end":{"line":351,"column":61}},"141":{"start":{"line":354,"column":24},"end":{"line":354,"column":63}},"142":{"start":{"line":358,"column":24},"end":{"line":358,"column":48}},"143":{"start":{"line":364,"column":4},"end":{"line":366,"column":6}},"144":{"start":{"line":365,"column":8},"end":{"line":365,"column":44}},"145":{"start":{"line":369,"column":15},"end":{"line":369,"column":46}},"146":{"start":{"line":371,"column":16},"end":{"line":371,"column":48}},"147":{"start":{"line":373,"column":22},"end":{"line":373,"column":59}},"148":{"start":{"line":375,"column":23},"end":{"line":375,"column":62}},"149":{"start":{"line":377,"column":20},"end":{"line":377,"column":56}},"150":{"start":{"line":379,"column":21},"end":{"line":379,"column":58}},"151":{"start":{"line":381,"column":39},"end":{"line":381,"column":93}},"152":{"start":{"line":383,"column":33},"end":{"line":383,"column":456}},"153":{"start":{"line":383,"column":64},"end":{"line":383,"column":89}},"154":{"start":{"line":383,"column":91},"end":{"line":383,"column":453}},"155":{"start":{"line":383,"column":165},"end":{"line":383,"column":263}},"156":{"start":{"line":383,"column":182},"end":{"line":383,"column":195}},"157":{"start":{"line":383,"column":209},"end":{"line":383,"column":219}},"158":{"start":{"line":383,"column":239},"end":{"line":383,"column":253}},"159":{"start":{"line":383,"column":254},"end":{"line":383,"column":261}},"160":{"start":{"line":383,"column":264},"end":{"line":383,"column":426}},"161":{"start":{"line":383,"column":281},"end":{"line":383,"column":296}},"162":{"start":{"line":383,"column":306},"end":{"line":383,"column":424}},"163":{"start":{"line":383,"column":360},"end":{"line":383,"column":380}},"164":{"start":{"line":383,"column":401},"end":{"line":383,"column":420}},"165":{"start":{"line":383,"column":429},"end":{"line":383,"column":449}},"166":{"start":{"line":385,"column":21},"end":{"line":393,"column":1}},"167":{"start":{"line":394,"column":0},"end":{"line":394,"column":33}}},"fnMap":{"0":{"name":"(anonymous_0)","decl":{"start":{"line":11,"column":20},"end":{"line":11,"column":21}},"loc":{"start":{"line":11,"column":32},"end":{"line":97,"column":1}},"line":11},"1":{"name":"_callee2","decl":{"start":{"line":12,"column":83},"end":{"line":12,"column":91}},"loc":{"start":{"line":12,"column":119},"end":{"line":92,"column":5}},"line":12},"2":{"name":"_callee2$","decl":{"start":{"line":14,"column":51},"end":{"line":14,"column":60}},"loc":{"start":{"line":14,"column":72},"end":{"line":91,"column":9}},"line":14},"3":{"name":"(anonymous_3)","decl":{"start":{"line":26,"column":105},"end":{"line":26,"column":106}},"loc":{"start":{"line":26,"column":117},"end":{"line":66,"column":25}},"line":26},"4":{"name":"_callee","decl":{"start":{"line":27,"column":108},"end":{"line":27,"column":115}},"loc":{"start":{"line":27,"column":119},"end":{"line":61,"column":29}},"line":27},"5":{"name":"_callee$","decl":{"start":{"line":28,"column":75},"end":{"line":28,"column":83}},"loc":{"start":{"line":28,"column":94},"end":{"line":60,"column":33}},"line":28},"6":{"name":"(anonymous_6)","decl":{"start":{"line":63,"column":35},"end":{"line":63,"column":36}},"loc":{"start":{"line":63,"column":50},"end":{"line":65,"column":29}},"line":63},"7":{"name":"(anonymous_7)","decl":{"start":{"line":66,"column":34},"end":{"line":66,"column":35}},"loc":{"start":{"line":66,"column":53},"end":{"line":70,"column":25}},"line":66},"8":{"name":"(anonymous_8)","decl":{"start":{"line":70,"column":33},"end":{"line":70,"column":34}},"loc":{"start":{"line":70,"column":48},"end":{"line":73,"column":25}},"line":70},"9":{"name":"createComment","decl":{"start":{"line":94,"column":20},"end":{"line":94,"column":33}},"loc":{"start":{"line":94,"column":48},"end":{"line":96,"column":5}},"line":94},"10":{"name":"(anonymous_10)","decl":{"start":{"line":99,"column":26},"end":{"line":99,"column":27}},"loc":{"start":{"line":99,"column":38},"end":{"line":142,"column":1}},"line":99},"11":{"name":"_callee3","decl":{"start":{"line":100,"column":84},"end":{"line":100,"column":92}},"loc":{"start":{"line":100,"column":97},"end":{"line":137,"column":5}},"line":100},"12":{"name":"_callee3$","decl":{"start":{"line":102,"column":51},"end":{"line":102,"column":60}},"loc":{"start":{"line":102,"column":72},"end":{"line":136,"column":9}},"line":102},"13":{"name":"deleteCommentByRoot","decl":{"start":{"line":139,"column":20},"end":{"line":139,"column":39}},"loc":{"start":{"line":139,"column":45},"end":{"line":141,"column":5}},"line":139},"14":{"name":"(anonymous_14)","decl":{"start":{"line":144,"column":20},"end":{"line":144,"column":21}},"loc":{"start":{"line":144,"column":32},"end":{"line":190,"column":1}},"line":144},"15":{"name":"_callee4","decl":{"start":{"line":145,"column":84},"end":{"line":145,"column":92}},"loc":{"start":{"line":145,"column":106},"end":{"line":185,"column":5}},"line":145},"16":{"name":"_callee4$","decl":{"start":{"line":147,"column":51},"end":{"line":147,"column":60}},"loc":{"start":{"line":147,"column":72},"end":{"line":184,"column":9}},"line":147},"17":{"name":"deleteComment","decl":{"start":{"line":187,"column":20},"end":{"line":187,"column":33}},"loc":{"start":{"line":187,"column":44},"end":{"line":189,"column":5}},"line":187},"18":{"name":"(anonymous_18)","decl":{"start":{"line":192,"column":26},"end":{"line":192,"column":27}},"loc":{"start":{"line":192,"column":38},"end":{"line":237,"column":1}},"line":192},"19":{"name":"_callee5","decl":{"start":{"line":193,"column":84},"end":{"line":193,"column":92}},"loc":{"start":{"line":193,"column":106},"end":{"line":232,"column":5}},"line":193},"20":{"name":"_callee5$","decl":{"start":{"line":195,"column":51},"end":{"line":195,"column":60}},"loc":{"start":{"line":195,"column":72},"end":{"line":231,"column":9}},"line":195},"21":{"name":"updateCommentByRoot","decl":{"start":{"line":234,"column":20},"end":{"line":234,"column":39}},"loc":{"start":{"line":234,"column":50},"end":{"line":236,"column":5}},"line":234},"22":{"name":"(anonymous_22)","decl":{"start":{"line":239,"column":20},"end":{"line":239,"column":21}},"loc":{"start":{"line":239,"column":32},"end":{"line":285,"column":1}},"line":239},"23":{"name":"_callee6","decl":{"start":{"line":240,"column":84},"end":{"line":240,"column":92}},"loc":{"start":{"line":240,"column":115},"end":{"line":280,"column":5}},"line":240},"24":{"name":"_callee6$","decl":{"start":{"line":242,"column":51},"end":{"line":242,"column":60}},"loc":{"start":{"line":242,"column":72},"end":{"line":279,"column":9}},"line":242},"25":{"name":"updateComment","decl":{"start":{"line":282,"column":20},"end":{"line":282,"column":33}},"loc":{"start":{"line":282,"column":52},"end":{"line":284,"column":5}},"line":282},"26":{"name":"(anonymous_26)","decl":{"start":{"line":287,"column":17},"end":{"line":287,"column":18}},"loc":{"start":{"line":287,"column":29},"end":{"line":326,"column":1}},"line":287},"27":{"name":"_callee7","decl":{"start":{"line":288,"column":84},"end":{"line":288,"column":92}},"loc":{"start":{"line":288,"column":97},"end":{"line":321,"column":5}},"line":288},"28":{"name":"_callee7$","decl":{"start":{"line":290,"column":51},"end":{"line":290,"column":60}},"loc":{"start":{"line":290,"column":72},"end":{"line":320,"column":9}},"line":290},"29":{"name":"getComment","decl":{"start":{"line":323,"column":20},"end":{"line":323,"column":30}},"loc":{"start":{"line":323,"column":37},"end":{"line":325,"column":5}},"line":323},"30":{"name":"(anonymous_30)","decl":{"start":{"line":328,"column":20},"end":{"line":328,"column":21}},"loc":{"start":{"line":328,"column":32},"end":{"line":367,"column":1}},"line":328},"31":{"name":"_callee8","decl":{"start":{"line":329,"column":84},"end":{"line":329,"column":92}},"loc":{"start":{"line":329,"column":95},"end":{"line":362,"column":5}},"line":329},"32":{"name":"_callee8$","decl":{"start":{"line":331,"column":51},"end":{"line":331,"column":60}},"loc":{"start":{"line":331,"column":72},"end":{"line":361,"column":9}},"line":331},"33":{"name":"getAllComment","decl":{"start":{"line":364,"column":20},"end":{"line":364,"column":33}},"loc":{"start":{"line":364,"column":36},"end":{"line":366,"column":5}},"line":364},"34":{"name":"_interopRequireDefault","decl":{"start":{"line":381,"column":9},"end":{"line":381,"column":31}},"loc":{"start":{"line":381,"column":37},"end":{"line":381,"column":95}},"line":381},"35":{"name":"_asyncToGenerator","decl":{"start":{"line":383,"column":9},"end":{"line":383,"column":26}},"loc":{"start":{"line":383,"column":31},"end":{"line":383,"column":458}},"line":383},"36":{"name":"(anonymous_36)","decl":{"start":{"line":383,"column":40},"end":{"line":383,"column":41}},"loc":{"start":{"line":383,"column":52},"end":{"line":383,"column":455}},"line":383},"37":{"name":"(anonymous_37)","decl":{"start":{"line":383,"column":110},"end":{"line":383,"column":111}},"loc":{"start":{"line":383,"column":137},"end":{"line":383,"column":451}},"line":383},"38":{"name":"step","decl":{"start":{"line":383,"column":148},"end":{"line":383,"column":152}},"loc":{"start":{"line":383,"column":163},"end":{"line":383,"column":428}},"line":383},"39":{"name":"(anonymous_39)","decl":{"start":{"line":383,"column":341},"end":{"line":383,"column":342}},"loc":{"start":{"line":383,"column":358},"end":{"line":383,"column":382}},"line":383},"40":{"name":"(anonymous_40)","decl":{"start":{"line":383,"column":384},"end":{"line":383,"column":385}},"loc":{"start":{"line":383,"column":399},"end":{"line":383,"column":422}},"line":383}},"branchMap":{"0":{"loc":{"start":{"line":16,"column":16},"end":{"line":89,"column":17}},"type":"switch","locations":[{"start":{"line":17,"column":20},"end":{"line":73,"column":28}},{"start":{"line":75,"column":20},"end":{"line":80,"column":27}},{"start":{"line":82,"column":20},"end":{"line":84,"column":63}},{"start":{"line":86,"column":20},"end":{"line":86,"column":28}},{"start":{"line":87,"column":20},"end":{"line":88,"column":48}}],"line":16},"1":{"loc":{"start":{"line":21,"column":24},"end":{"line":24,"column":25}},"type":"if","locations":[{"start":{"line":21,"column":24},"end":{"line":24,"column":25}},{"start":{"line":21,"column":24},"end":{"line":24,"column":25}}],"line":21},"2":{"loc":{"start":{"line":30,"column":40},"end":{"line":58,"column":41}},"type":"switch","locations":[{"start":{"line":31,"column":44},"end":{"line":36,"column":71}},{"start":{"line":38,"column":44},"end":{"line":46,"column":51}},{"start":{"line":48,"column":44},"end":{"line":53,"column":51}},{"start":{"line":55,"column":44},"end":{"line":55,"column":51}},{"start":{"line":56,"column":44},"end":{"line":57,"column":71}}],"line":30},"3":{"loc":{"start":{"line":104,"column":16},"end":{"line":134,"column":17}},"type":"switch","locations":[{"start":{"line":105,"column":20},"end":{"line":117,"column":27}},{"start":{"line":119,"column":20},"end":{"line":122,"column":30}},{"start":{"line":124,"column":20},"end":{"line":126,"column":61}},{"start":{"line":128,"column":20},"end":{"line":129,"column":63}},{"start":{"line":131,"column":20},"end":{"line":131,"column":28}},{"start":{"line":132,"column":20},"end":{"line":133,"column":48}}],"line":104},"4":{"loc":{"start":{"line":149,"column":16},"end":{"line":182,"column":17}},"type":"switch","locations":[{"start":{"line":150,"column":20},"end":{"line":165,"column":27}},{"start":{"line":167,"column":20},"end":{"line":170,"column":30}},{"start":{"line":172,"column":20},"end":{"line":174,"column":61}},{"start":{"line":176,"column":20},"end":{"line":177,"column":63}},{"start":{"line":179,"column":20},"end":{"line":179,"column":28}},{"start":{"line":180,"column":20},"end":{"line":181,"column":48}}],"line":149},"5":{"loc":{"start":{"line":197,"column":16},"end":{"line":229,"column":17}},"type":"switch","locations":[{"start":{"line":198,"column":20},"end":{"line":212,"column":27}},{"start":{"line":214,"column":20},"end":{"line":217,"column":30}},{"start":{"line":219,"column":20},"end":{"line":221,"column":61}},{"start":{"line":223,"column":20},"end":{"line":224,"column":63}},{"start":{"line":226,"column":20},"end":{"line":226,"column":28}},{"start":{"line":227,"column":20},"end":{"line":228,"column":48}}],"line":197},"6":{"loc":{"start":{"line":244,"column":16},"end":{"line":277,"column":17}},"type":"switch","locations":[{"start":{"line":245,"column":20},"end":{"line":260,"column":27}},{"start":{"line":262,"column":20},"end":{"line":265,"column":30}},{"start":{"line":267,"column":20},"end":{"line":269,"column":61}},{"start":{"line":271,"column":20},"end":{"line":272,"column":63}},{"start":{"line":274,"column":20},"end":{"line":274,"column":28}},{"start":{"line":275,"column":20},"end":{"line":276,"column":48}}],"line":244},"7":{"loc":{"start":{"line":292,"column":16},"end":{"line":318,"column":17}},"type":"switch","locations":[{"start":{"line":293,"column":20},"end":{"line":301,"column":62}},{"start":{"line":303,"column":20},"end":{"line":306,"column":30}},{"start":{"line":308,"column":20},"end":{"line":310,"column":61}},{"start":{"line":312,"column":20},"end":{"line":313,"column":63}},{"start":{"line":315,"column":20},"end":{"line":315,"column":28}},{"start":{"line":316,"column":20},"end":{"line":317,"column":48}}],"line":292},"8":{"loc":{"start":{"line":333,"column":16},"end":{"line":359,"column":17}},"type":"switch","locations":[{"start":{"line":334,"column":20},"end":{"line":342,"column":59}},{"start":{"line":344,"column":20},"end":{"line":347,"column":30}},{"start":{"line":349,"column":20},"end":{"line":351,"column":61}},{"start":{"line":353,"column":20},"end":{"line":354,"column":63}},{"start":{"line":356,"column":20},"end":{"line":356,"column":28}},{"start":{"line":357,"column":20},"end":{"line":358,"column":48}}],"line":333},"9":{"loc":{"start":{"line":381,"column":46},"end":{"line":381,"column":92}},"type":"cond-expr","locations":[{"start":{"line":381,"column":70},"end":{"line":381,"column":73}},{"start":{"line":381,"column":76},"end":{"line":381,"column":92}}],"line":381},"10":{"loc":{"start":{"line":381,"column":46},"end":{"line":381,"column":67}},"type":"binary-expr","locations":[{"start":{"line":381,"column":46},"end":{"line":381,"column":49}},{"start":{"line":381,"column":53},"end":{"line":381,"column":67}}],"line":381},"11":{"loc":{"start":{"line":383,"column":264},"end":{"line":383,"column":426}},"type":"if","locations":[{"start":{"line":383,"column":264},"end":{"line":383,"column":426}},{"start":{"line":383,"column":264},"end":{"line":383,"column":426}}],"line":383}},"s":{"0":1,"1":1,"2":1,"3":1,"4":1,"5":0,"6":0,"7":0,"8":0,"9":0,"10":0,"11":0,"12":0,"13":0,"14":0,"15":0,"16":0,"17":0,"18":0,"19":0,"20":0,"21":0,"22":0,"23":0,"24":0,"25":0,"26":0,"27":0,"28":0,"29":0,"30":0,"31":0,"32":0,"33":0,"34":0,"35":1,"36":0,"37":1,"38":1,"39":0,"40":0,"41":0,"42":0,"43":0,"44":0,"45":0,"46":0,"47":0,"48":0,"49":0,"50":0,"51":0,"52":0,"53":1,"54":0,"55":1,"56":1,"57":0,"58":0,"59":0,"60":0,"61":0,"62":0,"63":0,"64":0,"65":0,"66":0,"67":0,"68":0,"69":0,"70":0,"71":1,"72":0,"73":1,"74":1,"75":0,"76":0,"77":0,"78":0,"79":0,"80":0,"81":0,"82":0,"83":0,"84":0,"85":0,"86":0,"87":0,"88":0,"89":1,"90":0,"91":1,"92":1,"93":0,"94":0,"95":0,"96":0,"97":0,"98":0,"99":0,"100":0,"101":0,"102":0,"103":0,"104":0,"105":0,"106":0,"107":1,"108":0,"109":1,"110":1,"111":0,"112":0,"113":0,"114":0,"115":0,"116":0,"117":0,"118":0,"119":0,"120":0,"121":0,"122":0,"123":0,"124":0,"125":1,"126":0,"127":1,"128":1,"129":0,"130":0,"131":0,"132":0,"133":0,"134":0,"135":0,"136":0,"137":0,"138":0,"139":0,"140":0,"141":0,"142":0,"143":1,"144":0,"145":1,"146":1,"147":1,"148":1,"149":1,"150":1,"151":4,"152":7,"153":0,"154":0,"155":0,"156":0,"157":0,"158":0,"159":0,"160":0,"161":0,"162":0,"163":0,"164":0,"165":0,"166":1,"167":1},"f":{"0":1,"1":0,"2":0,"3":0,"4":0,"5":0,"6":0,"7":0,"8":0,"9":0,"10":1,"11":0,"12":0,"13":0,"14":1,"15":0,"16":0,"17":0,"18":1,"19":0,"20":0,"21":0,"22":1,"23":0,"24":0,"25":0,"26":1,"27":0,"28":0,"29":0,"30":1,"31":0,"32":0,"33":0,"34":4,"35":7,"36":0,"37":0,"38":0,"39":0,"40":0},"b":{"0":[0,0,0,0,0],"1":[0,0],"2":[0,0,0,0,0],"3":[0,0,0,0,0,0],"4":[0,0,0,0,0,0],"5":[0,0,0,0,0,0],"6":[0,0,0,0,0,0],"7":[0,0,0,0,0,0],"8":[0,0,0,0,0,0],"9":[3,1],"10":[4,4],"11":[0,0]},"_coverageSchema":"43e27e138ebf9cfc5966b082cf9a028302ed4184","hash":"39151941997186a4f7f2ff20c214c2236ce35199","contentHash":"f1f66484c3c726d656572032ad70d827"},"/Users/zhouli/mygithub/node-blog/src/models/comment.js":{"path":"/Users/zhouli/mygithub/node-blog/src/models/comment.js","statementMap":{"0":{"start":{"line":3,"column":0},"end":{"line":5,"column":3}},"1":{"start":{"line":7,"column":22},"end":{"line":7,"column":56}},"2":{"start":{"line":9,"column":23},"end":{"line":9,"column":62}},"3":{"start":{"line":11,"column":39},"end":{"line":11,"column":93}},"4":{"start":{"line":13,"column":16},"end":{"line":13,"column":50}},"5":{"start":{"line":14,"column":16},"end":{"line":14,"column":50}},"6":{"start":{"line":16,"column":14},"end":{"line":36,"column":2}},"7":{"start":{"line":37,"column":0},"end":{"line":37,"column":26}}},"fnMap":{"0":{"name":"_interopRequireDefault","decl":{"start":{"line":11,"column":9},"end":{"line":11,"column":31}},"loc":{"start":{"line":11,"column":37},"end":{"line":11,"column":95}},"line":11}},"branchMap":{"0":{"loc":{"start":{"line":11,"column":46},"end":{"line":11,"column":92}},"type":"cond-expr","locations":[{"start":{"line":11,"column":70},"end":{"line":11,"column":73}},{"start":{"line":11,"column":76},"end":{"line":11,"column":92}}],"line":11},"1":{"loc":{"start":{"line":11,"column":46},"end":{"line":11,"column":67}},"type":"binary-expr","locations":[{"start":{"line":11,"column":46},"end":{"line":11,"column":49}},{"start":{"line":11,"column":53},"end":{"line":11,"column":67}}],"line":11}},"s":{"0":1,"1":1,"2":1,"3":1,"4":1,"5":1,"6":1,"7":1},"f":{"0":1},"b":{"0":[1,0],"1":[1,1]},"_coverageSchema":"43e27e138ebf9cfc5966b082cf9a028302ed4184","hash":"0abb8db2db6f01358d83b5d168340436df208459","contentHash":"6ad9e066d015c6b59f736b14699b8111"},"/Users/zhouli/mygithub/node-blog/src/models/post_comment.js":{"path":"/Users/zhouli/mygithub/node-blog/src/models/post_comment.js","statementMap":{"0":{"start":{"line":3,"column":0},"end":{"line":5,"column":3}},"1":{"start":{"line":7,"column":22},"end":{"line":7,"column":56}},"2":{"start":{"line":9,"column":23},"end":{"line":9,"column":62}},"3":{"start":{"line":11,"column":12},"end":{"line":11,"column":29}},"4":{"start":{"line":13,"column":13},"end":{"line":13,"column":42}},"5":{"start":{"line":15,"column":15},"end":{"line":15,"column":35}},"6":{"start":{"line":17,"column":16},"end":{"line":17,"column":48}},"7":{"start":{"line":19,"column":39},"end":{"line":19,"column":93}},"8":{"start":{"line":21,"column":16},"end":{"line":21,"column":50}},"9":{"start":{"line":22,"column":16},"end":{"line":22,"column":50}},"10":{"start":{"line":24,"column":19},"end":{"line":49,"column":2}},"11":{"start":{"line":51,"column":0},"end":{"line":51,"column":113}},"12":{"start":{"line":52,"column":0},"end":{"line":52,"column":113}},"13":{"start":{"line":53,"column":0},"end":{"line":53,"column":31}}},"fnMap":{"0":{"name":"_interopRequireDefault","decl":{"start":{"line":19,"column":9},"end":{"line":19,"column":31}},"loc":{"start":{"line":19,"column":37},"end":{"line":19,"column":95}},"line":19}},"branchMap":{"0":{"loc":{"start":{"line":19,"column":46},"end":{"line":19,"column":92}},"type":"cond-expr","locations":[{"start":{"line":19,"column":70},"end":{"line":19,"column":73}},{"start":{"line":19,"column":76},"end":{"line":19,"column":92}}],"line":19},"1":{"loc":{"start":{"line":19,"column":46},"end":{"line":19,"column":67}},"type":"binary-expr","locations":[{"start":{"line":19,"column":46},"end":{"line":19,"column":49}},{"start":{"line":19,"column":53},"end":{"line":19,"column":67}}],"line":19}},"s":{"0":1,"1":1,"2":1,"3":1,"4":1,"5":1,"6":1,"7":3,"8":1,"9":1,"10":1,"11":1,"12":1,"13":1},"f":{"0":3},"b":{"0":[3,0],"1":[3,3]},"_coverageSchema":"43e27e138ebf9cfc5966b082cf9a028302ed4184","hash":"81e8a2c0ef9cb7b5c5a3c74100568d05470c2e01","contentHash":"8b8369266ab7da0a7b8156d0b88f92d2"},"/Users/zhouli/mygithub/node-blog/src/models/post.js":{"path":"/Users/zhouli/mygithub/node-blog/src/models/post.js","statementMap":{"0":{"start":{"line":3,"column":0},"end":{"line":5,"column":3}},"1":{"start":{"line":7,"column":22},"end":{"line":7,"column":56}},"2":{"start":{"line":9,"column":23},"end":{"line":9,"column":62}},"3":{"start":{"line":11,"column":39},"end":{"line":11,"column":93}},"4":{"start":{"line":13,"column":16},"end":{"line":13,"column":50}},"5":{"start":{"line":14,"column":16},"end":{"line":14,"column":50}},"6":{"start":{"line":16,"column":11},"end":{"line":56,"column":2}},"7":{"start":{"line":57,"column":0},"end":{"line":57,"column":23}}},"fnMap":{"0":{"name":"_interopRequireDefault","decl":{"start":{"line":11,"column":9},"end":{"line":11,"column":31}},"loc":{"start":{"line":11,"column":37},"end":{"line":11,"column":95}},"line":11}},"branchMap":{"0":{"loc":{"start":{"line":11,"column":46},"end":{"line":11,"column":92}},"type":"cond-expr","locations":[{"start":{"line":11,"column":70},"end":{"line":11,"column":73}},{"start":{"line":11,"column":76},"end":{"line":11,"column":92}}],"line":11},"1":{"loc":{"start":{"line":11,"column":46},"end":{"line":11,"column":67}},"type":"binary-expr","locations":[{"start":{"line":11,"column":46},"end":{"line":11,"column":49}},{"start":{"line":11,"column":53},"end":{"line":11,"column":67}}],"line":11}},"s":{"0":1,"1":1,"2":1,"3":1,"4":1,"5":1,"6":1,"7":1},"f":{"0":1},"b":{"0":[1,0],"1":[1,1]},"_coverageSchema":"43e27e138ebf9cfc5966b082cf9a028302ed4184","hash":"5c4e9f84bfbd32e448443ab06320cf070bdaab95","contentHash":"38920d1de3cd39dde1d649117bc85291"},"/Users/zhouli/mygithub/node-blog/src/service/image/index.js":{"path":"/Users/zhouli/mygithub/node-blog/src/service/image/index.js","statementMap":{"0":{"start":{"line":3,"column":0},"end":{"line":5,"column":3}},"1":{"start":{"line":7,"column":20},"end":{"line":7,"column":45}},"2":{"start":{"line":9,"column":21},"end":{"line":9,"column":58}},"3":{"start":{"line":11,"column":39},"end":{"line":11,"column":93}},"4":{"start":{"line":13,"column":0},"end":{"line":15,"column":2}}},"fnMap":{"0":{"name":"_interopRequireDefault","decl":{"start":{"line":11,"column":9},"end":{"line":11,"column":31}},"loc":{"start":{"line":11,"column":37},"end":{"line":11,"column":95}},"line":11}},"branchMap":{"0":{"loc":{"start":{"line":11,"column":46},"end":{"line":11,"column":92}},"type":"cond-expr","locations":[{"start":{"line":11,"column":70},"end":{"line":11,"column":73}},{"start":{"line":11,"column":76},"end":{"line":11,"column":92}}],"line":11},"1":{"loc":{"start":{"line":11,"column":46},"end":{"line":11,"column":67}},"type":"binary-expr","locations":[{"start":{"line":11,"column":46},"end":{"line":11,"column":49}},{"start":{"line":11,"column":53},"end":{"line":11,"column":67}}],"line":11}},"s":{"0":1,"1":1,"2":1,"3":1,"4":1},"f":{"0":1},"b":{"0":[1,0],"1":[1,1]},"_coverageSchema":"43e27e138ebf9cfc5966b082cf9a028302ed4184","hash":"374980138c3e275692a715a2d40ef448c49f6589","contentHash":"7361db7ce39eb510d49c889427becbc5"},"/Users/zhouli/mygithub/node-blog/src/service/image/imageService.js":{"path":"/Users/zhouli/mygithub/node-blog/src/service/image/imageService.js","statementMap":{"0":{"start":{"line":3,"column":0},"end":{"line":5,"column":3}},"1":{"start":{"line":7,"column":19},"end":{"line":7,"column":55}},"2":{"start":{"line":9,"column":20},"end":{"line":9,"column":56}},"3":{"start":{"line":11,"column":18},"end":{"line":55,"column":3}},"4":{"start":{"line":12,"column":15},"end":{"line":50,"column":7}},"5":{"start":{"line":14,"column":8},"end":{"line":49,"column":36}},"6":{"start":{"line":15,"column":12},"end":{"line":48,"column":13}},"7":{"start":{"line":16,"column":16},"end":{"line":47,"column":17}},"8":{"start":{"line":18,"column":24},"end":{"line":22,"column":26}},"9":{"start":{"line":23,"column":24},"end":{"line":23,"column":42}},"10":{"start":{"line":24,"column":24},"end":{"line":24,"column":42}},"11":{"start":{"line":25,"column":24},"end":{"line":30,"column":27}},"12":{"start":{"line":33,"column":24},"end":{"line":33,"column":44}},"13":{"start":{"line":34,"column":24},"end":{"line":34,"column":42}},"14":{"start":{"line":35,"column":24},"end":{"line":35,"column":30}},"15":{"start":{"line":38,"column":24},"end":{"line":38,"column":42}},"16":{"start":{"line":39,"column":24},"end":{"line":39,"column":59}},"17":{"start":{"line":42,"column":24},"end":{"line":42,"column":62}},"18":{"start":{"line":46,"column":24},"end":{"line":46,"column":47}},"19":{"start":{"line":52,"column":4},"end":{"line":54,"column":6}},"20":{"start":{"line":53,"column":8},"end":{"line":53,"column":43}},"21":{"start":{"line":57,"column":18},"end":{"line":103,"column":3}},"22":{"start":{"line":58,"column":16},"end":{"line":98,"column":7}},"23":{"start":{"line":60,"column":8},"end":{"line":97,"column":37}},"24":{"start":{"line":61,"column":12},"end":{"line":96,"column":13}},"25":{"start":{"line":62,"column":16},"end":{"line":95,"column":17}},"26":{"start":{"line":66,"column":24},"end":{"line":70,"column":26}},"27":{"start":{"line":71,"column":24},"end":{"line":71,"column":43}},"28":{"start":{"line":72,"column":24},"end":{"line":72,"column":43}},"29":{"start":{"line":73,"column":24},"end":{"line":78,"column":27}},"30":{"start":{"line":81,"column":24},"end":{"line":81,"column":45}},"31":{"start":{"line":82,"column":24},"end":{"line":82,"column":43}},"32":{"start":{"line":83,"column":24},"end":{"line":83,"column":30}},"33":{"start":{"line":86,"column":24},"end":{"line":86,"column":43}},"34":{"start":{"line":87,"column":24},"end":{"line":87,"column":61}},"35":{"start":{"line":90,"column":24},"end":{"line":90,"column":63}},"36":{"start":{"line":94,"column":24},"end":{"line":94,"column":48}},"37":{"start":{"line":100,"column":4},"end":{"line":102,"column":6}},"38":{"start":{"line":101,"column":8},"end":{"line":101,"column":44}},"39":{"start":{"line":105,"column":18},"end":{"line":153,"column":3}},"40":{"start":{"line":106,"column":16},"end":{"line":148,"column":7}},"41":{"start":{"line":108,"column":8},"end":{"line":147,"column":37}},"42":{"start":{"line":109,"column":12},"end":{"line":146,"column":13}},"43":{"start":{"line":110,"column":16},"end":{"line":145,"column":17}},"44":{"start":{"line":112,"column":24},"end":{"line":116,"column":26}},"45":{"start":{"line":117,"column":24},"end":{"line":117,"column":43}},"46":{"start":{"line":118,"column":24},"end":{"line":118,"column":43}},"47":{"start":{"line":119,"column":24},"end":{"line":128,"column":27}},"48":{"start":{"line":131,"column":24},"end":{"line":131,"column":45}},"49":{"start":{"line":132,"column":24},"end":{"line":132,"column":43}},"50":{"start":{"line":133,"column":24},"end":{"line":133,"column":30}},"51":{"start":{"line":136,"column":24},"end":{"line":136,"column":43}},"52":{"start":{"line":137,"column":24},"end":{"line":137,"column":61}},"53":{"start":{"line":140,"column":24},"end":{"line":140,"column":63}},"54":{"start":{"line":144,"column":24},"end":{"line":144,"column":48}},"55":{"start":{"line":150,"column":4},"end":{"line":152,"column":6}},"56":{"start":{"line":151,"column":8},"end":{"line":151,"column":44}},"57":{"start":{"line":155,"column":15},"end":{"line":194,"column":3}},"58":{"start":{"line":156,"column":16},"end":{"line":189,"column":7}},"59":{"start":{"line":158,"column":8},"end":{"line":188,"column":37}},"60":{"start":{"line":159,"column":12},"end":{"line":187,"column":13}},"61":{"start":{"line":160,"column":16},"end":{"line":186,"column":17}},"62":{"start":{"line":162,"column":24},"end":{"line":166,"column":26}},"63":{"start":{"line":167,"column":24},"end":{"line":167,"column":43}},"64":{"start":{"line":168,"column":24},"end":{"line":168,"column":43}},"65":{"start":{"line":169,"column":24},"end":{"line":169,"column":60}},"66":{"start":{"line":172,"column":24},"end":{"line":172,"column":45}},"67":{"start":{"line":173,"column":24},"end":{"line":173,"column":43}},"68":{"start":{"line":174,"column":24},"end":{"line":174,"column":30}},"69":{"start":{"line":177,"column":24},"end":{"line":177,"column":43}},"70":{"start":{"line":178,"column":24},"end":{"line":178,"column":61}},"71":{"start":{"line":181,"column":24},"end":{"line":181,"column":63}},"72":{"start":{"line":185,"column":24},"end":{"line":185,"column":48}},"73":{"start":{"line":191,"column":4},"end":{"line":193,"column":6}},"74":{"start":{"line":192,"column":8},"end":{"line":192,"column":44}},"75":{"start":{"line":196,"column":18},"end":{"line":235,"column":3}},"76":{"start":{"line":197,"column":16},"end":{"line":230,"column":7}},"77":{"start":{"line":199,"column":8},"end":{"line":229,"column":37}},"78":{"start":{"line":200,"column":12},"end":{"line":228,"column":13}},"79":{"start":{"line":201,"column":16},"end":{"line":227,"column":17}},"80":{"start":{"line":203,"column":24},"end":{"line":207,"column":26}},"81":{"start":{"line":208,"column":24},"end":{"line":208,"column":43}},"82":{"start":{"line":209,"column":24},"end":{"line":209,"column":43}},"83":{"start":{"line":210,"column":24},"end":{"line":210,"column":57}},"84":{"start":{"line":213,"column":24},"end":{"line":213,"column":45}},"85":{"start":{"line":214,"column":24},"end":{"line":214,"column":43}},"86":{"start":{"line":215,"column":24},"end":{"line":215,"column":30}},"87":{"start":{"line":218,"column":24},"end":{"line":218,"column":43}},"88":{"start":{"line":219,"column":24},"end":{"line":219,"column":61}},"89":{"start":{"line":222,"column":24},"end":{"line":222,"column":63}},"90":{"start":{"line":226,"column":24},"end":{"line":226,"column":48}},"91":{"start":{"line":232,"column":4},"end":{"line":234,"column":6}},"92":{"start":{"line":233,"column":8},"end":{"line":233,"column":44}},"93":{"start":{"line":237,"column":13},"end":{"line":237,"column":42}},"94":{"start":{"line":239,"column":14},"end":{"line":239,"column":44}},"95":{"start":{"line":241,"column":39},"end":{"line":241,"column":93}},"96":{"start":{"line":243,"column":33},"end":{"line":243,"column":456}},"97":{"start":{"line":243,"column":64},"end":{"line":243,"column":89}},"98":{"start":{"line":243,"column":91},"end":{"line":243,"column":453}},"99":{"start":{"line":243,"column":165},"end":{"line":243,"column":263}},"100":{"start":{"line":243,"column":182},"end":{"line":243,"column":195}},"101":{"start":{"line":243,"column":209},"end":{"line":243,"column":219}},"102":{"start":{"line":243,"column":239},"end":{"line":243,"column":253}},"103":{"start":{"line":243,"column":254},"end":{"line":243,"column":261}},"104":{"start":{"line":243,"column":264},"end":{"line":243,"column":426}},"105":{"start":{"line":243,"column":281},"end":{"line":243,"column":296}},"106":{"start":{"line":243,"column":306},"end":{"line":243,"column":424}},"107":{"start":{"line":243,"column":360},"end":{"line":243,"column":380}},"108":{"start":{"line":243,"column":401},"end":{"line":243,"column":420}},"109":{"start":{"line":243,"column":429},"end":{"line":243,"column":449}},"110":{"start":{"line":245,"column":19},"end":{"line":251,"column":1}},"111":{"start":{"line":252,"column":0},"end":{"line":252,"column":31}}},"fnMap":{"0":{"name":"(anonymous_0)","decl":{"start":{"line":11,"column":18},"end":{"line":11,"column":19}},"loc":{"start":{"line":11,"column":30},"end":{"line":55,"column":1}},"line":11},"1":{"name":"_callee","decl":{"start":{"line":12,"column":83},"end":{"line":12,"column":90}},"loc":{"start":{"line":12,"column":118},"end":{"line":50,"column":5}},"line":12},"2":{"name":"_callee$","decl":{"start":{"line":14,"column":51},"end":{"line":14,"column":59}},"loc":{"start":{"line":14,"column":70},"end":{"line":49,"column":9}},"line":14},"3":{"name":"createImage","decl":{"start":{"line":52,"column":20},"end":{"line":52,"column":31}},"loc":{"start":{"line":52,"column":51},"end":{"line":54,"column":5}},"line":52},"4":{"name":"(anonymous_4)","decl":{"start":{"line":57,"column":18},"end":{"line":57,"column":19}},"loc":{"start":{"line":57,"column":30},"end":{"line":103,"column":1}},"line":57},"5":{"name":"_callee2","decl":{"start":{"line":58,"column":84},"end":{"line":58,"column":92}},"loc":{"start":{"line":58,"column":106},"end":{"line":98,"column":5}},"line":58},"6":{"name":"_callee2$","decl":{"start":{"line":60,"column":51},"end":{"line":60,"column":60}},"loc":{"start":{"line":60,"column":72},"end":{"line":97,"column":9}},"line":60},"7":{"name":"deleteImage","decl":{"start":{"line":100,"column":20},"end":{"line":100,"column":31}},"loc":{"start":{"line":100,"column":42},"end":{"line":102,"column":5}},"line":100},"8":{"name":"(anonymous_8)","decl":{"start":{"line":105,"column":18},"end":{"line":105,"column":19}},"loc":{"start":{"line":105,"column":30},"end":{"line":153,"column":1}},"line":105},"9":{"name":"_callee3","decl":{"start":{"line":106,"column":84},"end":{"line":106,"column":92}},"loc":{"start":{"line":106,"column":124},"end":{"line":148,"column":5}},"line":106},"10":{"name":"_callee3$","decl":{"start":{"line":108,"column":51},"end":{"line":108,"column":60}},"loc":{"start":{"line":108,"column":72},"end":{"line":147,"column":9}},"line":108},"11":{"name":"updateImage","decl":{"start":{"line":150,"column":20},"end":{"line":150,"column":31}},"loc":{"start":{"line":150,"column":59},"end":{"line":152,"column":5}},"line":150},"12":{"name":"(anonymous_12)","decl":{"start":{"line":155,"column":15},"end":{"line":155,"column":16}},"loc":{"start":{"line":155,"column":27},"end":{"line":194,"column":1}},"line":155},"13":{"name":"_callee4","decl":{"start":{"line":156,"column":84},"end":{"line":156,"column":92}},"loc":{"start":{"line":156,"column":97},"end":{"line":189,"column":5}},"line":156},"14":{"name":"_callee4$","decl":{"start":{"line":158,"column":51},"end":{"line":158,"column":60}},"loc":{"start":{"line":158,"column":72},"end":{"line":188,"column":9}},"line":158},"15":{"name":"getImage","decl":{"star
[...]
nd":{"line":11,"column":49}},{"start":{"line":11,"column":53},"end":{"line":11,"column":67}}],"line":11}},"s":{"0":1,"1":1,"2":1,"3":1,"4":1},"f":{"0":1},"b":{"0":[1,0],"1":[1,1]},"_coverageSchema":"43e27e138ebf9cfc5966b082cf9a028302ed4184","hash":"329f685e219e1b94f6aa5587282255779b18f13f","contentHash":"9b2d34f69d0ac2ad6de8adbc0965eabb"},"/Users/zhouli/mygithub/node-blog/src/service/userRole/userRoleService.js":{"path":"/Users/zhouli/mygithub/node-blog/src/service/userRole/userRoleService.js","statementMap":{"0":{"start":{"line":3,"column":0},"end":{"line":5,"column":3}},"1":{"start":{"line":7,"column":19},"end":{"line":7,"column":55}},"2":{"start":{"line":9,"column":20},"end":{"line":9,"column":56}},"3":{"start":{"line":11,"column":21},"end":{"line":54,"column":3}},"4":{"start":{"line":12,"column":15},"end":{"line":49,"column":7}},"5":{"start":{"line":14,"column":8},"end":{"line":48,"column":36}},"6":{"start":{"line":15,"column":12},"end":{"line":47,"column":13}},"7":{"start":{"line":16,"column":16},"end":{"line":46,"column":17}},"8":{"start":{"line":18,"column":24},"end":{"line":22,"column":26}},"9":{"start":{"line":23,"column":24},"end":{"line":23,"column":42}},"10":{"start":{"line":24,"column":24},"end":{"line":24,"column":42}},"11":{"start":{"line":25,"column":24},"end":{"line":29,"column":27}},"12":{"start":{"line":32,"column":24},"end":{"line":32,"column":44}},"13":{"start":{"line":33,"column":24},"end":{"line":33,"column":42}},"14":{"start":{"line":34,"column":24},"end":{"line":34,"column":30}},"15":{"start":{"line":37,"column":24},"end":{"line":37,"column":42}},"16":{"start":{"line":38,"column":24},"end":{"line":38,"column":59}},"17":{"start":{"line":41,"column":24},"end":{"line":41,"column":62}},"18":{"start":{"line":45,"column":24},"end":{"line":45,"column":47}},"19":{"start":{"line":51,"column":4},"end":{"line":53,"column":6}},"20":{"start":{"line":52,"column":8},"end":{"line":52,"column":43}},"21":{"start":{"line":56,"column":21},"end":{"line":100,"column":3}},"22":{"start":{"line":57,"column":16},"end":{"line":95,"column":7}},"23":{"start":{"line":59,"column":8},"end":{"line":94,"column":37}},"24":{"start":{"line":60,"column":12},"end":{"line":93,"column":13}},"25":{"start":{"line":61,"column":16},"end":{"line":92,"column":17}},"26":{"start":{"line":63,"column":24},"end":{"line":67,"column":26}},"27":{"start":{"line":68,"column":24},"end":{"line":68,"column":43}},"28":{"start":{"line":69,"column":24},"end":{"line":69,"column":43}},"29":{"start":{"line":70,"column":24},"end":{"line":75,"column":27}},"30":{"start":{"line":78,"column":24},"end":{"line":78,"column":45}},"31":{"start":{"line":79,"column":24},"end":{"line":79,"column":43}},"32":{"start":{"line":80,"column":24},"end":{"line":80,"column":30}},"33":{"start":{"line":83,"column":24},"end":{"line":83,"column":43}},"34":{"start":{"line":84,"column":24},"end":{"line":84,"column":61}},"35":{"start":{"line":87,"column":24},"end":{"line":87,"column":63}},"36":{"start":{"line":91,"column":24},"end":{"line":91,"column":48}},"37":{"start":{"line":97,"column":4},"end":{"line":99,"column":6}},"38":{"start":{"line":98,"column":8},"end":{"line":98,"column":44}},"39":{"start":{"line":102,"column":21},"end":{"line":148,"column":3}},"40":{"start":{"line":103,"column":16},"end":{"line":143,"column":7}},"41":{"start":{"line":105,"column":8},"end":{"line":142,"column":37}},"42":{"start":{"line":106,"column":12},"end":{"line":141,"column":13}},"43":{"start":{"line":107,"column":16},"end":{"line":140,"column":17}},"44":{"start":{"line":109,"column":24},"end":{"line":113,"column":26}},"45":{"start":{"line":114,"column":24},"end":{"line":114,"column":43}},"46":{"start":{"line":115,"column":24},"end":{"line":115,"column":43}},"47":{"start":{"line":116,"column":24},"end":{"line":123,"column":27}},"48":{"start":{"line":126,"column":24},"end":{"line":126,"column":45}},"49":{"start":{"line":127,"column":24},"end":{"line":127,"column":43}},"50":{"start":{"line":128,"column":24},"end":{"line":128,"column":30}},"51":{"start":{"line":131,"column":24},"end":{"line":131,"column":43}},"52":{"start":{"line":132,"column":24},"end":{"line":132,"column":61}},"53":{"start":{"line":135,"column":24},"end":{"line":135,"column":63}},"54":{"start":{"line":139,"column":24},"end":{"line":139,"column":48}},"55":{"start":{"line":145,"column":4},"end":{"line":147,"column":6}},"56":{"start":{"line":146,"column":8},"end":{"line":146,"column":44}},"57":{"start":{"line":150,"column":18},"end":{"line":189,"column":3}},"58":{"start":{"line":151,"column":16},"end":{"line":184,"column":7}},"59":{"start":{"line":153,"column":8},"end":{"line":183,"column":37}},"60":{"start":{"line":154,"column":12},"end":{"line":182,"column":13}},"61":{"start":{"line":155,"column":16},"end":{"line":181,"column":17}},"62":{"start":{"line":157,"column":24},"end":{"line":161,"column":26}},"63":{"start":{"line":162,"column":24},"end":{"line":162,"column":43}},"64":{"start":{"line":163,"column":24},"end":{"line":163,"column":43}},"65":{"start":{"line":164,"column":24},"end":{"line":164,"column":64}},"66":{"start":{"line":167,"column":24},"end":{"line":167,"column":45}},"67":{"start":{"line":168,"column":24},"end":{"line":168,"column":43}},"68":{"start":{"line":169,"column":24},"end":{"line":169,"column":30}},"69":{"start":{"line":172,"column":24},"end":{"line":172,"column":43}},"70":{"start":{"line":173,"column":24},"end":{"line":173,"column":61}},"71":{"start":{"line":176,"column":24},"end":{"line":176,"column":63}},"72":{"start":{"line":180,"column":24},"end":{"line":180,"column":48}},"73":{"start":{"line":186,"column":4},"end":{"line":188,"column":6}},"74":{"start":{"line":187,"column":8},"end":{"line":187,"column":44}},"75":{"start":{"line":191,"column":21},"end":{"line":230,"column":3}},"76":{"start":{"line":192,"column":16},"end":{"line":225,"column":7}},"77":{"start":{"line":194,"column":8},"end":{"line":224,"column":37}},"78":{"start":{"line":195,"column":12},"end":{"line":223,"column":13}},"79":{"start":{"line":196,"column":16},"end":{"line":222,"column":17}},"80":{"start":{"line":198,"column":24},"end":{"line":202,"column":26}},"81":{"start":{"line":203,"column":24},"end":{"line":203,"column":43}},"82":{"start":{"line":204,"column":24},"end":{"line":204,"column":43}},"83":{"start":{"line":205,"column":24},"end":{"line":205,"column":61}},"84":{"start":{"line":208,"column":24},"end":{"line":208,"column":45}},"85":{"start":{"line":209,"column":24},"end":{"line":209,"column":43}},"86":{"start":{"line":210,"column":24},"end":{"line":210,"column":30}},"87":{"start":{"line":213,"column":24},"end":{"line":213,"column":43}},"88":{"start":{"line":214,"column":24},"end":{"line":214,"column":61}},"89":{"start":{"line":217,"column":24},"end":{"line":217,"column":63}},"90":{"start":{"line":221,"column":24},"end":{"line":221,"column":48}},"91":{"start":{"line":227,"column":4},"end":{"line":229,"column":6}},"92":{"start":{"line":228,"column":8},"end":{"line":228,"column":44}},"93":{"start":{"line":232,"column":17},"end":{"line":232,"column":50}},"94":{"start":{"line":234,"column":18},"end":{"line":234,"column":52}},"95":{"start":{"line":236,"column":39},"end":{"line":236,"column":93}},"96":{"start":{"line":238,"column":33},"end":{"line":238,"column":456}},"97":{"start":{"line":238,"column":64},"end":{"line":238,"column":89}},"98":{"start":{"line":238,"column":91},"end":{"line":238,"column":453}},"99":{"start":{"line":238,"column":165},"end":{"line":238,"column":263}},"100":{"start":{"line":238,"column":182},"end":{"line":238,"column":195}},"101":{"start":{"line":238,"column":209},"end":{"line":238,"column":219}},"102":{"start":{"line":238,"column":239},"end":{"line":238,"column":253}},"103":{"start":{"line":238,"column":254},"end":{"line":238,"column":261}},"104":{"start":{"line":238,"column":264},"end":{"line":238,"column":426}},"105":{"start":{"line":238,"column":281},"end":{"line":238,"column":296}},"106":{"start":{"line":238,"column":306},"end":{"line":238,"column":424}},"107":{"start":{"line":238,"column":360},"end":{"line":238,"column":380}},"108":{"start":{"line":238,"column":401},"end":{"line":238,"column":420}},"109":{"start":{"line":238,"column":429},"end":{"line":238,"column":449}},"110":{"start":{"line":240,"column":22},"end":{"line":246,"column":1}},"111":{"start":{"line":247,"column":0},"end":{"line":247,"column":34}}},"fnMap":{"0":{"name":"(anonymous_0)","decl":{"start":{"line":11,"column":21},"end":{"line":11,"column":22}},"loc":{"start":{"line":11,"column":33},"end":{"line":54,"column":1}},"line":11},"1":{"name":"_callee","decl":{"start":{"line":12,"column":83},"end":{"line":12,"column":90}},"loc":{"start":{"line":12,"column":121},"end":{"line":49,"column":5}},"line":12},"2":{"name":"_callee$","decl":{"start":{"line":14,"column":51},"end":{"line":14,"column":59}},"loc":{"start":{"line":14,"column":70},"end":{"line":48,"column":9}},"line":14},"3":{"name":"createUserRole","decl":{"start":{"line":51,"column":20},"end":{"line":51,"column":34}},"loc":{"start":{"line":51,"column":49},"end":{"line":53,"column":5}},"line":51},"4":{"name":"(anonymous_4)","decl":{"start":{"line":56,"column":21},"end":{"line":56,"column":22}},"loc":{"start":{"line":56,"column":33},"end":{"line":100,"column":1}},"line":56},"5":{"name":"_callee2","decl":{"start":{"line":57,"column":84},"end":{"line":57,"column":92}},"loc":{"start":{"line":57,"column":106},"end":{"line":95,"column":5}},"line":57},"6":{"name":"_callee2$","decl":{"start":{"line":59,"column":51},"end":{"line":59,"column":60}},"loc":{"start":{"line":59,"column":72},"end":{"line":94,"column":9}},"line":59},"7":{"name":"deleteUserRole","decl":{"start":{"line":97,"column":20},"end":{"line":97,"column":34}},"loc":{"start":{"line":97,"column":45},"end":{"line":99,"column":5}},"line":97},"8":{"name":"(anonymous_8)","decl":{"start":{"line":102,"column":21},"end":{"line":102,"column":22}},"loc":{"start":{"line":102,"column":33},"end":{"line":148,"column":1}},"line":102},"9":{"name":"_callee3","decl":{"start":{"line":103,"column":84},"end":{"line":103,"column":92}},"loc":{"start":{"line":103,"column":115},"end":{"line":143,"column":5}},"line":103},"10":{"name":"_callee3$","decl":{"start":{"line":105,"column":51},"end":{"line":105,"column":60}},"loc":{"start":{"line":105,"column":72},"end":{"line":142,"column":9}},"line":105},"11":{"name":"updateUserRole","decl":{"start":{"line":145,"column":20},"end":{"line":145,"column":34}},"loc":{"start":{"line":145,"column":50},"end":{"line":147,"column":5}},"line":145},"12":{"name":"(anonymous_12)","decl":{"start":{"line":150,"column":18},"end":{"line":150,"column":19}},"loc":{"start":{"line":150,"column":30},"end":{"line":189,"column":1}},"line":150},"13":{"name":"_callee4","decl":{"start":{"line":151,"column":84},"end":{"line":151,"column":92}},"loc":{"start":{"line":151,"column":97},"end":{"line":184,"column":5}},"line":151},"14":{"name":"_callee4$","decl":{"start":{"line":153,"column":51},"end":{"line":153,"column":60}},"loc":{"start":{"line":153,"column":72},"end":{"line":183,"column":9}},"line":153},"15":{"name":"getUserRole","decl":{"start":{"line":186,"column":20},"end":{"line":186,"column":31}},"loc":{"start":{"line":186,"column":37},"end":{"line":188,"column":5}},"line":186},"16":{"name":"(anonymous_16)","decl":{"start":{"line":191,"column":21},"end":{"line":191,"column":22}},"loc":{"start":{"line":191,"column":33},"end":{"line":230,"column":1}},"line":191},"17":{"name":"_callee5","decl":{"start":{"line":192,"column":84},"end":{"line":192,"column":92}},"loc":{"start":{"line":192,"column":95},"end":{"line":225,"column":5}},"line":192},"18":{"name":"_callee5$","decl":{"start":{"line":194,"column":51},"end":{"line":194,"column":60}},"loc":{"start":{"line":194,"column":72},"end":{"line":224,"column":9}},"line":194},"19":{"name":"getAllUserRole","decl":{"start":{"line":227,"column":20},"end":{"line":227,"column":34}},"loc":{"start":{"line":227,"column":37},"end":{"line":229,"column":5}},"line":227},"20":{"name":"_interopRequireDefault","decl":{"start":{"line":236,"column":9},"end":{"line":236,"column":31}},"loc":{"start":{"line":236,"column":37},"end":{"line":236,"column":95}},"line":236},"21":{"name":"_asyncToGenerator","decl":{"start":{"line":238,"column":9},"end":{"line":238,"column":26}},"loc":{"start":{"line":238,"column":31},"end":{"line":238,"column":458}},"line":238},"22":{"name":"(anonymous_22)","decl":{"start":{"line":238,"column":40},"end":{"line":238,"column":41}},"loc":{"start":{"line":238,"column":52},"end":{"line":238,"column":455}},"line":238},"23":{"name":"(anonymous_23)","decl":{"start":{"line":238,"column":110},"end":{"line":238,"column":111}},"loc":{"start":{"line":238,"column":137},"end":{"line":238,"column":451}},"line":238},"24":{"name":"step","decl":{"start":{"line":238,"column":148},"end":{"line":238,"column":152}},"loc":{"start":{"line":238,"column":163},"end":{"line":238,"column":428}},"line":238},"25":{"name":"(anonymous_25)","decl":{"start":{"line":238,"column":341},"end":{"line":238,"column":342}},"loc":{"start":{"line":238,"column":358},"end":{"line":238,"column":382}},"line":238},"26":{"name":"(anonymous_26)","decl":{"start":{"line":238,"column":384},"end":{"line":238,"column":385}},"loc":{"start":{"line":238,"column":399},"end":{"line":238,"column":422}},"line":238}},"branchMap":{"0":{"loc":{"start":{"line":16,"column":16},"end":{"line":46,"column":17}},"type":"switch","locations":[{"start":{"line":17,"column":20},"end":{"line":29,"column":27}},{"start":{"line":31,"column":20},"end":{"line":34,"column":30}},{"start":{"line":36,"column":20},"end":{"line":38,"column":59}},{"start":{"line":40,"column":20},"end":{"line":41,"column":62}},{"start":{"line":43,"column":20},"end":{"line":43,"column":28}},{"start":{"line":44,"column":20},"end":{"line":45,"column":47}}],"line":16},"1":{"loc":{"start":{"line":61,"column":16},"end":{"line":92,"column":17}},"type":"switch","locations":[{"start":{"line":62,"column":20},"end":{"line":75,"column":27}},{"start":{"line":77,"column":20},"end":{"line":80,"column":30}},{"start":{"line":82,"column":20},"end":{"line":84,"column":61}},{"start":{"line":86,"column":20},"end":{"line":87,"column":63}},{"start":{"line":89,"column":20},"end":{"line":89,"column":28}},{"start":{"line":90,"column":20},"end":{"line":91,"column":48}}],"line":61},"2":{"loc":{"start":{"line":107,"column":16},"end":{"line":140,"column":17}},"type":"switch","locations":[{"start":{"line":108,"column":20},"end":{"line":123,"column":27}},{"start":{"line":125,"column":20},"end":{"line":128,"column":30}},{"start":{"line":130,"column":20},"end":{"line":132,"column":61}},{"start":{"line":134,"column":20},"end":{"line":135,"column":63}},{"start":{"line":137,"column":20},"end":{"line":137,"column":28}},{"start":{"line":138,"column":20},"end":{"line":139,"column":48}}],"line":107},"3":{"loc":{"start":{"line":155,"column":16},"end":{"line":181,"column":17}},"type":"switch","locations":[{"start":{"line":156,"column":20},"end":{"line":164,"column":64}},{"start":{"line":166,"column":20},"end":{"line":169,"column":30}},{"start":{"line":171,"column":20},"end":{"line":173,"column":61}},{"start":{"line":175,"column":20},"end":{"line":176,"column":63}},{"start":{"line":178,"column":20},"end":{"line":178,"column":28}},{"start":{"line":179,"column":20},"end":{"line":180,"column":48}}],"line":155},"4":{"loc":{"start":{"line":196,"column":16},"end":{"line":222,"column":17}},"type":"switch","locations":[{"start":{"line":197,"column":20},"end":{"line":205,"column":61}},{"start":{"line":207,"column":20},"end":{"line":210,"column":30}},{"start":{"line":212,"column":20},"end":{"line":214,"column":61}},{"start":{"line":216,"column":20},"end":{"line":217,"column":63}},{"start":{"line":219,"column":20},"end":{"line":219,"column":28}},{"start":{"line":220,"column":20},"end":{"line":221,"column":48}}],"line":196},"5":{"loc":{"start":{"line":236,"column":46},"end":{"line":236,"column":92}},"type":"cond-expr","locations":[{"start":{"line":236,"column":70},"end":{"line":236,"column":73}},{"start":{"line":236,"column":76},"end":{"line":236,"column":92}}],"line":236},"6":{"loc":{"start":{"line":236,"column":46},"end":{"line":236,"column":67}},"type":"binary-expr","locations":[{"start":{"line":236,"column":46},"end":{"line":236,"column":49}},{"start":{"line":236,"column":53},"end":{"line":236,"column":67}}],"line":236},"7":{"loc":{"start":{"line":238,"column":264},"end":{"line":238,"column":426}},"type":"if","locations":[{"start":{"line":238,"column":264},"end":{"line":238,"column":426}},{"start":{"line":238,"column":264},"end":{"line":238,"column":426}}],"line":238}},"s":{"0":1,"1":1,"2":1,"3":1,"4":1,"5":0,"6":0,"7":0,"8":0,"9":0,"10":0,"11":0,"12":0,"13":0,"14":0,"15":0,"16":0,"17":0,"18":0,"19":1,"20":0,"21":1,"22":1,"23":0,"24":0,"25":0,"26":0,"27":0,"28":0,"29":0,"30":0,"31":0,"32":0,"33":0,"34":0,"35":0,"36":0,"37":1,"38":0,"39":1,"40":1,"41":0,"42":0,"43":0,"44":0,"45":0,"46":0,"47":0,"48":0,"49":0,"50":0,"51":0,"52":0,"53":0,"54":0,"55":1,"56":0,"57":1,"58":1,"59":0,"60":0,"61":0,"62":0,"63":0,"64":0,"65":0,"66":0,"67":0,"68":0,"69":0,"70":0,"71":0,"72":0,"73":1,"74":0,"75":1,"76":1,"77":0,"78":0,"79":0,"80":0,"81":0,"82":0,"83":0,"84":0,"85":0,"86":0,"87":0,"88":0,"89":0,"90":0,"91":1,"92":0,"93":1,"94":1,"95":2,"96":5,"97":0,"98":0,"99":0,"100":0,"101":0,"102":0,"103":0,"104":0,"105":0,"106":0,"107":0,"108":0,"109":0,"110":1,"111":1},"f":{"0":1,"1":0,"2":0,"3":0,"4":1,"5":0,"6":0,"7":0,"8":1,"9":0,"10":0,"11":0,"12":1,"13":0,"14":0,"15":0,"16":1,"17":0,"18":0,"19":0,"20":2,"21":5,"22":0,"23":0,"24":0,"25":0,"26":0},"b":{"0":[0,0,0,0,0,0],"1":[0,0,0,0,0,0],"2":[0,0,0,0,0,0],"3":[0,0,0,0,0,0],"4":[0,0,0,0,0,0],"5":[1,1],"6":[2,2],"7":[0,0]},"_coverageSchema":"43e27e138ebf9cfc5966b082cf9a028302ed4184","hash":"407b512db4ade99b1c335aefd2d986d9722c4361","contentHash":"7088c754182ef2bb06fc52d0f7ec110e"},"/Users/zhouli/mygithub/node-blog/src/models/user_role.js":{"path":"/Users/zhouli/mygithub/node-blog/src/models/user_role.js","statementMap":{"0":{"start":{"line":3,"column":0},"end":{"line":5,"column":3}},"1":{"start":{"line":7,"column":22},"end":{"line":7,"column":56}},"2":{"start":{"line":9,"column":23},"end":{"line":9,"column":62}},"3":{"start":{"line":11,"column":12},"end":{"line":11,"column":29}},"4":{"start":{"line":13,"column":13},"end":{"line":13,"column":42}},"5":{"start":{"line":15,"column":12},"end":{"line":15,"column":29}},"6":{"start":{"line":17,"column":13},"end":{"line":17,"column":42}},"7":{"start":{"line":19,"column":39},"end":{"line":19,"column":93}},"8":{"start":{"line":21,"column":16},"end":{"line":21,"column":50}},"9":{"start":{"line":22,"column":16},"end":{"line":22,"column":50}},"10":{"start":{"line":24,"column":16},"end":{"line":57,"column":2}},"11":{"start":{"line":60,"column":0},"end":{"line":60,"column":104}},"12":{"start":{"line":61,"column":0},"end":{"line":61,"column":104}},"13":{"start":{"line":63,"column":0},"end":{"line":63,"column":28}}},"fnMap":{"0":{"name":"_interopRequireDefault","decl":{"start":{"line":19,"column":9},"end":{"line":19,"column":31}},"loc":{"start":{"line":19,"column":37},"end":{"line":19,"column":95}},"line":19}},"branchMap":{"0":{"loc":{"start":{"line":19,"column":46},"end":{"line":19,"column":92}},"type":"cond-expr","locations":[{"start":{"line":19,"column":70},"end":{"line":19,"column":73}},{"start":{"line":19,"column":76},"end":{"line":19,"column":92}}],"line":19},"1":{"loc":{"start":{"line":19,"column":46},"end":{"line":19,"column":67}},"type":"binary-expr","locations":[{"start":{"line":19,"column":46},"end":{"line":19,"column":49}},{"start":{"line":19,"column":53},"end":{"line":19,"column":67}}],"line":19}},"s":{"0":1,"1":1,"2":1,"3":1,"4":1,"5":1,"6":1,"7":3,"8":1,"9":1,"10":1,"11":1,"12":1,"13":1},"f":{"0":3},"b":{"0":[3,0],"1":[3,3]},"_coverageSchema":"43e27e138ebf9cfc5966b082cf9a028302ed4184","hash":"655c017771f106e3e3bc45c2721e3ce87a9bc1e2","contentHash":"a5677e26cb50ace6857326f05e9d9342"}}